Calling target program-options parser
[15:38:03.200] [bmv2] [D] [thread 8183] Set default default entry for table 'MyIngress.tcp_ack_exact': MyIngress.drop - 
[15:38:03.200] [bmv2] [D] [thread 8183] Set default default entry for table 'MyIngress.ipv4_lpm': MyIngress.drop - 
Adding interface s2-eth1 as port 1
[15:38:03.200] [bmv2] [D] [thread 8183] Adding interface s2-eth1 as port 1
Adding interface s2-eth2 as port 2
[15:38:03.250] [bmv2] [D] [thread 8183] Adding interface s2-eth2 as port 2
Adding interface s2-eth3 as port 3
[15:38:03.326] [bmv2] [D] [thread 8183] Adding interface s2-eth3 as port 3
Server listening on 0.0.0.0:50052
[15:38:03.393] [bmv2] [I] [thread 8183] Starting Thrift server on port 9091
[15:38:03.394] [bmv2] [I] [thread 8183] Thrift server was started
New connection
P4Runtime SetForwardingPipelineConfig
[15:38:05.351] [bmv2] [W] [thread 8278] [P4Runtime] p4::tmp::P4DeviceConfig is deprecated
[15:38:05.351] [bmv2] [D] [thread 8278] Set default default entry for table 'MyIngress.tcp_ack_exact': MyIngress.drop - 
[15:38:05.351] [bmv2] [D] [thread 8278] Set default default entry for table 'MyIngress.ipv4_lpm': MyIngress.drop - 
[15:38:05.352] [bmv2] [D] [thread 8278] simple_switch target has been notified of a config swap
P4Runtime Write
device_id: 1
election_id {
  low: 1
}
updates {
  type: MODIFY
  entity {
    table_entry {
      table_id: 37375156
      action {
        action {
          action_id: 25652968
        }
      }
      is_default_action: true
    }
  }
}
[15:38:05.355] [bmv2] [D] [thread 8279] Set default entry for table 'MyIngress.ipv4_lpm': MyIngress.drop - 
P4Runtime Write
device_id: 1
election_id {
  low: 1
}
updates {
  type: INSERT
  entity {
    table_entry {
      table_id: 37375156
      match {
        field_id: 1
        lpm {
          value: "\n\000\001\001"
          prefix_len: 32
        }
      }
      action {
        action {
          action_id: 28792405
          params {
            param_id: 1
            value: "\010\000\000\000\001\021"
          }
          params {
            param_id: 2
            value: "\000\002"
          }
        }
      }
    }
  }
}
[15:38:05.357] [bmv2] [D] [thread 8278] Entry 0 added to table 'MyIngress.ipv4_lpm'
[15:38:05.357] [bmv2] [D] [thread 8278] Dumping entry 0
Match key:
* hdr.ipv4.dstAddr    : LPM       0a000101/32
Action entry: MyIngress.ipv4_forward - 80000000111,2,

P4Runtime Write
device_id: 1
election_id {
  low: 1
}
updates {
  type: INSERT
  entity {
    table_entry {
      table_id: 37375156
      match {
        field_id: 1
        lpm {
          value: "\n\000\002\002"
          prefix_len: 32
        }
      }
      action {
        action {
          action_id: 28792405
          params {
            param_id: 1
            value: "\010\000\000\000\002\""
          }
          params {
            param_id: 2
            value: "\000\001"
          }
        }
      }
    }
  }
}
[15:38:05.359] [bmv2] [D] [thread 8279] Entry 1 added to table 'MyIngress.ipv4_lpm'
[15:38:05.359] [bmv2] [D] [thread 8279] Dumping entry 1
Match key:
* hdr.ipv4.dstAddr    : LPM       0a000202/32
Action entry: MyIngress.ipv4_forward - 80000000222,1,

P4Runtime Write
device_id: 1
election_id {
  low: 1
}
updates {
  type: MODIFY
  entity {
    table_entry {
      table_id: 46391789
      action {
        action {
          action_id: 25652968
        }
      }
      is_default_action: true
    }
  }
}
[15:38:05.360] [bmv2] [D] [thread 8278] Set default entry for table 'MyIngress.tcp_ack_exact': MyIngress.drop - 
P4Runtime Write
device_id: 1
election_id {
  low: 1
}
updates {
  type: INSERT
  entity {
    table_entry {
      table_id: 46391789
      match {
        field_id: 1
        lpm {
          value: "\n\000\001\001"
          prefix_len: 32
        }
      }
      action {
        action {
          action_id: 17029622
          params {
            param_id: 1
            value: "\010\000\000\000\001\021"
          }
          params {
            param_id: 2
            value: "\000\003"
          }
        }
      }
    }
  }
}
[15:38:05.362] [bmv2] [D] [thread 8279] Entry 0 added to table 'MyIngress.tcp_ack_exact'
[15:38:05.362] [bmv2] [D] [thread 8279] Dumping entry 0
Match key:
* hdr.ipv4.dstAddr    : LPM       0a000101/32
Action entry: MyIngress.tcp_ack_forward - 80000000111,3,

P4Runtime Write
device_id: 1
election_id {
  low: 1
}
updates {
  type: INSERT
  entity {
    table_entry {
      table_id: 46391789
      match {
        field_id: 1
        lpm {
          value: "\n\000\002\002"
          prefix_len: 32
        }
      }
      action {
        action {
          action_id: 17029622
          params {
            param_id: 1
            value: "\010\000\000\000\002\""
          }
          params {
            param_id: 2
            value: "\000\001"
          }
        }
      }
    }
  }
}
[15:38:05.363] [bmv2] [D] [thread 8278] Entry 1 added to table 'MyIngress.tcp_ack_exact'
[15:38:05.363] [bmv2] [D] [thread 8278] Dumping entry 1
Match key:
* hdr.ipv4.dstAddr    : LPM       0a000202/32
Action entry: MyIngress.tcp_ack_forward - 80000000222,1,

