Calling target program-options parser
[12:15:25.261] [bmv2] [D] [thread 29327] Set default default entry for table 'MyIngress.tcp_ack_exact': MyIngress.drop - 
[12:15:25.261] [bmv2] [D] [thread 29327] Set default default entry for table 'MyIngress.ipv4_lpm': MyIngress.drop - 
Adding interface s3-eth1 as port 1
[12:15:25.261] [bmv2] [D] [thread 29327] Adding interface s3-eth1 as port 1
Adding interface s3-eth2 as port 2
[12:15:25.283] [bmv2] [D] [thread 29327] Adding interface s3-eth2 as port 2
Server listening on 0.0.0.0:50053
[12:15:25.319] [bmv2] [I] [thread 29327] Starting Thrift server on port 9092
[12:15:25.319] [bmv2] [I] [thread 29327] Thrift server was started
New connection
P4Runtime SetForwardingPipelineConfig
[12:15:26.873] [bmv2] [W] [thread 29371] [P4Runtime] p4::tmp::P4DeviceConfig is deprecated
[12:15:26.874] [bmv2] [D] [thread 29371] Set default default entry for table 'MyIngress.tcp_ack_exact': MyIngress.drop - 
[12:15:26.874] [bmv2] [D] [thread 29371] Set default default entry for table 'MyIngress.ipv4_lpm': MyIngress.drop - 
[12:15:26.875] [bmv2] [D] [thread 29371] simple_switch target has been notified of a config swap
P4Runtime Write
device_id: 2
election_id {
  low: 1
}
updates {
  type: MODIFY
  entity {
    table_entry {
      table_id: 37375156
      action {
        action {
          action_id: 25652968
        }
      }
      is_default_action: true
    }
  }
}
[12:15:26.878] [bmv2] [D] [thread 29373] Set default entry for table 'MyIngress.ipv4_lpm': MyIngress.drop - 
P4Runtime Write
device_id: 2
election_id {
  low: 1
}
updates {
  type: INSERT
  entity {
    table_entry {
      table_id: 37375156
      match {
        field_id: 1
        lpm {
          value: "\n\000\001\001"
          prefix_len: 32
        }
      }
      action {
        action {
          action_id: 28792405
          params {
            param_id: 1
            value: "\010\000\000\000\001\000"
          }
          params {
            param_id: 2
            value: "\000\001"
          }
        }
      }
    }
  }
}
[12:15:26.882] [bmv2] [D] [thread 29371] Entry 0 added to table 'MyIngress.ipv4_lpm'
[12:15:26.882] [bmv2] [D] [thread 29371] Dumping entry 0
Match key:
* hdr.ipv4.dstAddr    : LPM       0a000101/32
Action entry: MyIngress.ipv4_forward - 80000000100,1,

P4Runtime Write
device_id: 2
election_id {
  low: 1
}
updates {
  type: INSERT
  entity {
    table_entry {
      table_id: 37375156
      match {
        field_id: 1
        lpm {
          value: "\n\000\002\002"
          prefix_len: 32
        }
      }
      action {
        action {
          action_id: 28792405
          params {
            param_id: 1
            value: "\010\000\000\000\002\000"
          }
          params {
            param_id: 2
            value: "\000\003"
          }
        }
      }
    }
  }
}
[12:15:26.884] [bmv2] [D] [thread 29373] Entry 1 added to table 'MyIngress.ipv4_lpm'
[12:15:26.884] [bmv2] [D] [thread 29373] Dumping entry 1
Match key:
* hdr.ipv4.dstAddr    : LPM       0a000202/32
Action entry: MyIngress.ipv4_forward - 80000000200,3,

P4Runtime Write
device_id: 2
election_id {
  low: 1
}
updates {
  type: MODIFY
  entity {
    table_entry {
      table_id: 46391789
      action {
        action {
          action_id: 25652968
        }
      }
      is_default_action: true
    }
  }
}
[12:15:26.885] [bmv2] [D] [thread 29371] Set default entry for table 'MyIngress.tcp_ack_exact': MyIngress.drop - 
P4Runtime Write
device_id: 2
election_id {
  low: 1
}
updates {
  type: INSERT
  entity {
    table_entry {
      table_id: 46391789
      match {
        field_id: 1
        lpm {
          value: "\n\000\001\001"
          prefix_len: 32
        }
      }
      action {
        action {
          action_id: 17029622
          params {
            param_id: 1
            value: "\010\000\000\000\001\021"
          }
          params {
            param_id: 2
            value: "\000\001"
          }
        }
      }
    }
  }
}
[12:15:26.886] [bmv2] [D] [thread 29373] Entry 0 added to table 'MyIngress.tcp_ack_exact'
[12:15:26.886] [bmv2] [D] [thread 29373] Dumping entry 0
Match key:
* hdr.ipv4.dstAddr    : LPM       0a000101/32
Action entry: MyIngress.tcp_ack_forward - 80000000111,1,

P4Runtime Write
device_id: 2
election_id {
  low: 1
}
updates {
  type: INSERT
  entity {
    table_entry {
      table_id: 46391789
      match {
        field_id: 1
        lpm {
          value: "\n\000\002\002"
          prefix_len: 32
        }
      }
      action {
        action {
          action_id: 17029622
          params {
            param_id: 1
            value: "\010\000\000\000\002\""
          }
          params {
            param_id: 2
            value: "\000\002"
          }
        }
      }
    }
  }
}
[12:15:26.887] [bmv2] [D] [thread 29371] Entry 1 added to table 'MyIngress.tcp_ack_exact'
[12:15:26.887] [bmv2] [D] [thread 29371] Dumping entry 1
Match key:
* hdr.ipv4.dstAddr    : LPM       0a000202/32
Action entry: MyIngress.tcp_ack_forward - 80000000222,2,

open: No such file or directory
open: No such file or directory
open: No such file or directory
open: No such file or directory
open: No such file or directory
