Calling target program-options parser
[12:16:19.497] [bmv2] [D] [thread 29909] Set default default entry for table 'MyIngress.tcp_duplicate': MyIngress.drop - 
[12:16:19.497] [bmv2] [D] [thread 29909] Set default default entry for table 'MyIngress.tcp_ack_exact': MyIngress.drop - 
[12:16:19.497] [bmv2] [D] [thread 29909] Set default default entry for table 'MyIngress.ipv4_lpm': MyIngress.drop - 
Adding interface s2-eth1 as port 1
[12:16:19.497] [bmv2] [D] [thread 29909] Adding interface s2-eth1 as port 1
Adding interface s2-eth2 as port 2
[12:16:19.522] [bmv2] [D] [thread 29909] Adding interface s2-eth2 as port 2
Adding interface s2-eth3 as port 3
[12:16:19.574] [bmv2] [D] [thread 29909] Adding interface s2-eth3 as port 3
Server listening on 0.0.0.0:50052
[12:16:19.662] [bmv2] [I] [thread 29909] Starting Thrift server on port 9091
[12:16:19.662] [bmv2] [I] [thread 29909] Thrift server was started
New connection
P4Runtime SetForwardingPipelineConfig
[12:16:21.695] [bmv2] [W] [thread 30008] [P4Runtime] p4::tmp::P4DeviceConfig is deprecated
[12:16:21.697] [bmv2] [D] [thread 30008] Set default default entry for table 'MyIngress.tcp_duplicate': MyIngress.drop - 
[12:16:21.697] [bmv2] [D] [thread 30008] Set default default entry for table 'MyIngress.tcp_ack_exact': MyIngress.drop - 
[12:16:21.697] [bmv2] [D] [thread 30008] Set default default entry for table 'MyIngress.ipv4_lpm': MyIngress.drop - 
[12:16:21.698] [bmv2] [D] [thread 30008] simple_switch target has been notified of a config swap
P4Runtime Write
device_id: 1
election_id {
  low: 1
}
updates {
  type: MODIFY
  entity {
    table_entry {
      table_id: 37375156
      action {
        action {
          action_id: 25652968
        }
      }
      is_default_action: true
    }
  }
}
[12:16:21.702] [bmv2] [D] [thread 30009] Set default entry for table 'MyIngress.ipv4_lpm': MyIngress.drop - 
P4Runtime Write
device_id: 1
election_id {
  low: 1
}
updates {
  type: INSERT
  entity {
    table_entry {
      table_id: 37375156
      match {
        field_id: 1
        lpm {
          value: "\n\000\001\001"
          prefix_len: 32
        }
      }
      action {
        action {
          action_id: 28792405
          params {
            param_id: 1
            value: "\010\000\000\000\001\021"
          }
          params {
            param_id: 2
            value: "\000\002"
          }
        }
      }
    }
  }
}
[12:16:21.704] [bmv2] [D] [thread 30008] Entry 0 added to table 'MyIngress.ipv4_lpm'
[12:16:21.704] [bmv2] [D] [thread 30008] Dumping entry 0
Match key:
* hdr.ipv4.dstAddr    : LPM       0a000101/32
Action entry: MyIngress.ipv4_forward - 80000000111,2,

P4Runtime Write
device_id: 1
election_id {
  low: 1
}
updates {
  type: INSERT
  entity {
    table_entry {
      table_id: 37375156
      match {
        field_id: 1
        lpm {
          value: "\n\000\002\002"
          prefix_len: 32
        }
      }
      action {
        action {
          action_id: 28792405
          params {
            param_id: 1
            value: "\010\000\000\000\002\""
          }
          params {
            param_id: 2
            value: "\000\001"
          }
        }
      }
    }
  }
}
[12:16:21.706] [bmv2] [D] [thread 30009] Entry 1 added to table 'MyIngress.ipv4_lpm'
[12:16:21.706] [bmv2] [D] [thread 30009] Dumping entry 1
Match key:
* hdr.ipv4.dstAddr    : LPM       0a000202/32
Action entry: MyIngress.ipv4_forward - 80000000222,1,

P4Runtime Write
device_id: 1
election_id {
  low: 1
}
updates {
  type: MODIFY
  entity {
    table_entry {
      table_id: 46391789
      action {
        action {
          action_id: 25652968
        }
      }
      is_default_action: true
    }
  }
}
[12:16:21.707] [bmv2] [D] [thread 30008] Set default entry for table 'MyIngress.tcp_ack_exact': MyIngress.drop - 
P4Runtime Write
device_id: 1
election_id {
  low: 1
}
updates {
  type: INSERT
  entity {
    table_entry {
      table_id: 46391789
      match {
        field_id: 1
        lpm {
          value: "\n\000\001\001"
          prefix_len: 32
        }
      }
      action {
        action {
          action_id: 17029622
          params {
            param_id: 1
            value: "\010\000\000\000\001\021"
          }
          params {
            param_id: 2
            value: "\000\003"
          }
        }
      }
    }
  }
}
[12:16:21.709] [bmv2] [D] [thread 30009] Entry 0 added to table 'MyIngress.tcp_ack_exact'
[12:16:21.709] [bmv2] [D] [thread 30009] Dumping entry 0
Match key:
* hdr.ipv4.dstAddr    : LPM       0a000101/32
Action entry: MyIngress.tcp_ack_forward - 80000000111,3,

P4Runtime Write
device_id: 1
election_id {
  low: 1
}
updates {
  type: INSERT
  entity {
    table_entry {
      table_id: 46391789
      match {
        field_id: 1
        lpm {
          value: "\n\000\002\002"
          prefix_len: 32
        }
      }
      action {
        action {
          action_id: 17029622
          params {
            param_id: 1
            value: "\010\000\000\000\002\""
          }
          params {
            param_id: 2
            value: "\000\001"
          }
        }
      }
    }
  }
}
[12:16:21.711] [bmv2] [D] [thread 30008] Entry 1 added to table 'MyIngress.tcp_ack_exact'
[12:16:21.711] [bmv2] [D] [thread 30008] Dumping entry 1
Match key:
* hdr.ipv4.dstAddr    : LPM       0a000202/32
Action entry: MyIngress.tcp_ack_forward - 80000000222,1,

