Calling target program-options parser
[13:33:14.933] [bmv2] [D] [thread 3657] Set default default entry for table 'MyIngress.tcp_duplicate': MyIngress.drop - 
[13:33:14.933] [bmv2] [D] [thread 3657] Set default default entry for table 'MyIngress.tcp_ack_exact': MyIngress.drop - 
[13:33:14.933] [bmv2] [D] [thread 3657] Set default default entry for table 'MyIngress.ipv4_lpm': MyIngress.drop - 
Adding interface s3-eth1 as port 1
[13:33:14.933] [bmv2] [D] [thread 3657] Adding interface s3-eth1 as port 1
Adding interface s3-eth2 as port 2
[13:33:14.994] [bmv2] [D] [thread 3657] Adding interface s3-eth2 as port 2
Server listening on 0.0.0.0:50053
[13:33:15.069] [bmv2] [I] [thread 3657] Starting Thrift server on port 9092
[13:33:15.070] [bmv2] [I] [thread 3657] Thrift server was started
New connection
P4Runtime SetForwardingPipelineConfig
[13:33:16.515] [bmv2] [W] [thread 3715] [P4Runtime] p4::tmp::P4DeviceConfig is deprecated
[13:33:16.516] [bmv2] [D] [thread 3715] Set default default entry for table 'MyIngress.tcp_duplicate': MyIngress.drop - 
[13:33:16.516] [bmv2] [D] [thread 3715] Set default default entry for table 'MyIngress.tcp_ack_exact': MyIngress.drop - 
[13:33:16.516] [bmv2] [D] [thread 3715] Set default default entry for table 'MyIngress.ipv4_lpm': MyIngress.drop - 
[13:33:16.517] [bmv2] [D] [thread 3715] simple_switch target has been notified of a config swap
P4Runtime Write
device_id: 2
election_id {
  low: 1
}
updates {
  type: MODIFY
  entity {
    table_entry {
      table_id: 37375156
      action {
        action {
          action_id: 25652968
        }
      }
      is_default_action: true
    }
  }
}
[13:33:16.520] [bmv2] [D] [thread 3716] Set default entry for table 'MyIngress.ipv4_lpm': MyIngress.drop - 
P4Runtime Write
device_id: 2
election_id {
  low: 1
}
updates {
  type: INSERT
  entity {
    table_entry {
      table_id: 37375156
      match {
        field_id: 1
        lpm {
          value: "\n\000\001\001"
          prefix_len: 32
        }
      }
      action {
        action {
          action_id: 28792405
          params {
            param_id: 1
            value: "\010\000\000\000\001\000"
          }
          params {
            param_id: 2
            value: "\000\001"
          }
        }
      }
    }
  }
}
[13:33:16.522] [bmv2] [D] [thread 3715] Entry 0 added to table 'MyIngress.ipv4_lpm'
[13:33:16.522] [bmv2] [D] [thread 3715] Dumping entry 0
Match key:
* hdr.ipv4.dstAddr    : LPM       0a000101/32
Action entry: MyIngress.ipv4_forward - 80000000100,1,

P4Runtime Write
device_id: 2
election_id {
  low: 1
}
updates {
  type: INSERT
  entity {
    table_entry {
      table_id: 37375156
      match {
        field_id: 1
        lpm {
          value: "\n\000\002\002"
          prefix_len: 32
        }
      }
      action {
        action {
          action_id: 28792405
          params {
            param_id: 1
            value: "\010\000\000\000\002\000"
          }
          params {
            param_id: 2
            value: "\000\003"
          }
        }
      }
    }
  }
}
[13:33:16.523] [bmv2] [D] [thread 3716] Entry 1 added to table 'MyIngress.ipv4_lpm'
[13:33:16.523] [bmv2] [D] [thread 3716] Dumping entry 1
Match key:
* hdr.ipv4.dstAddr    : LPM       0a000202/32
Action entry: MyIngress.ipv4_forward - 80000000200,3,

P4Runtime Write
device_id: 2
election_id {
  low: 1
}
updates {
  type: MODIFY
  entity {
    table_entry {
      table_id: 46391789
      action {
        action {
          action_id: 25652968
        }
      }
      is_default_action: true
    }
  }
}
[13:33:16.524] [bmv2] [D] [thread 3715] Set default entry for table 'MyIngress.tcp_ack_exact': MyIngress.drop - 
P4Runtime Write
device_id: 2
election_id {
  low: 1
}
updates {
  type: INSERT
  entity {
    table_entry {
      table_id: 46391789
      match {
        field_id: 1
        lpm {
          value: "\n\000\001\001"
          prefix_len: 32
        }
      }
      action {
        action {
          action_id: 17029622
          params {
            param_id: 1
            value: "\010\000\000\000\001\021"
          }
          params {
            param_id: 2
            value: "\000\001"
          }
        }
      }
    }
  }
}
[13:33:16.525] [bmv2] [D] [thread 3716] Entry 0 added to table 'MyIngress.tcp_ack_exact'
[13:33:16.525] [bmv2] [D] [thread 3716] Dumping entry 0
Match key:
* hdr.ipv4.dstAddr    : LPM       0a000101/32
Action entry: MyIngress.tcp_ack_forward - 80000000111,1,

P4Runtime Write
device_id: 2
election_id {
  low: 1
}
updates {
  type: INSERT
  entity {
    table_entry {
      table_id: 46391789
      match {
        field_id: 1
        lpm {
          value: "\n\000\002\002"
          prefix_len: 32
        }
      }
      action {
        action {
          action_id: 17029622
          params {
            param_id: 1
            value: "\010\000\000\000\002\""
          }
          params {
            param_id: 2
            value: "\000\002"
          }
        }
      }
    }
  }
}
[13:33:16.526] [bmv2] [D] [thread 3715] Entry 1 added to table 'MyIngress.tcp_ack_exact'
[13:33:16.526] [bmv2] [D] [thread 3715] Dumping entry 1
Match key:
* hdr.ipv4.dstAddr    : LPM       0a000202/32
Action entry: MyIngress.tcp_ack_forward - 80000000222,2,

Connection removed
[13:35:22.951] [bmv2] [D] [thread 3669] [0.0] [cxt 0] Processing packet received on port 2
[13:35:22.951] [bmv2] [D] [thread 3669] [0.0] [cxt 0] Parser 'parser': start
[13:35:22.951] [bmv2] [D] [thread 3669] [0.0] [cxt 0] Parser 'parser' entering state 'start'
[13:35:22.951] [bmv2] [D] [thread 3669] [0.0] [cxt 0] Extracting header 'ethernet'
[13:35:22.951] [bmv2] [D] [thread 3669] [0.0] [cxt 0] Parser state 'start': key is 0800
[13:35:22.951] [bmv2] [T] [thread 3669] [0.0] [cxt 0] Bytes parsed: 14
[13:35:22.951] [bmv2] [D] [thread 3669] [0.0] [cxt 0] Parser 'parser' entering state 'parse_ipv4'
[13:35:22.951] [bmv2] [D] [thread 3669] [0.0] [cxt 0] Extracting header 'ipv4'
[13:35:22.951] [bmv2] [D] [thread 3669] [0.0] [cxt 0] Parser state 'parse_ipv4': key is 06
[13:35:22.951] [bmv2] [T] [thread 3669] [0.0] [cxt 0] Bytes parsed: 34
[13:35:22.951] [bmv2] [D] [thread 3669] [0.0] [cxt 0] Parser 'parser' entering state 'parse_tcp'
[13:35:22.951] [bmv2] [D] [thread 3669] [0.0] [cxt 0] Extracting header 'tcp'
[13:35:22.951] [bmv2] [D] [thread 3669] [0.0] [cxt 0] Parser state 'parse_tcp' has no switch, going to default next state
[13:35:22.951] [bmv2] [T] [thread 3669] [0.0] [cxt 0] Bytes parsed: 54
[13:35:22.951] [bmv2] [D] [thread 3669] [0.0] [cxt 0] Parser 'parser': end
[13:35:22.951] [bmv2] [D] [thread 3669] [0.0] [cxt 0] Pipeline 'ingress': start
[13:35:22.951] [bmv2] [T] [thread 3669] [0.0] [cxt 0] routing.p4(212) Condition "hdr.tcp.isValid() && hdr.tcp.ack == 1 && hdr.tcp.syn == 0 && hdr.tcp.fin == 0" (node_2) is false
[13:35:22.951] [bmv2] [T] [thread 3669] [0.0] [cxt 0] routing.p4(215) Condition "hdr.tcp.isValid() && hdr.tcp.ack == 1" (node_4) is true
[13:35:22.951] [bmv2] [T] [thread 3669] [0.0] [cxt 0] Applying table 'MyIngress.tcp_ack_exact'
[13:35:22.951] [bmv2] [D] [thread 3669] [0.0] [cxt 0] Looking up key:
* hdr.ipv4.dstAddr    : 0a000101

[13:35:22.951] [bmv2] [D] [thread 3669] [0.0] [cxt 0] Table 'MyIngress.tcp_ack_exact': hit with handle 0
[13:35:22.951] [bmv2] [D] [thread 3669] [0.0] [cxt 0] Dumping entry 0
Match key:
* hdr.ipv4.dstAddr    : LPM       0a000101/32
Action entry: MyIngress.tcp_ack_forward - 80000000111,1,

[13:35:22.951] [bmv2] [D] [thread 3669] [0.0] [cxt 0] Action entry is MyIngress.tcp_ack_forward - 80000000111,1,
[13:35:22.951] [bmv2] [T] [thread 3669] [0.0] [cxt 0] Action MyIngress.tcp_ack_forward
[13:35:22.951] [bmv2] [T] [thread 3669] [0.0] [cxt 0] routing.p4(148) Primitive standard_metadata.egress_spec = port; ...
[13:35:22.951] [bmv2] [T] [thread 3669] [0.0] [cxt 0] routing.p4(149) Primitive hdr.ethernet.srcAddr = hdr.ethernet.dstAddr
[13:35:22.951] [bmv2] [T] [thread 3669] [0.0] [cxt 0] routing.p4(150) Primitive hdr.ethernet.dstAddr = dstAddr; ...
[13:35:22.951] [bmv2] [T] [thread 3669] [0.0] [cxt 0] routing.p4(151) Primitive hdr.ipv4.ttl = hdr.ipv4.ttl - 1
[13:35:22.951] [bmv2] [D] [thread 3669] [0.0] [cxt 0] Pipeline 'ingress': end
[13:35:22.951] [bmv2] [D] [thread 3669] [0.0] [cxt 0] Egress port is 1
[13:35:22.952] [bmv2] [D] [thread 3671] [0.0] [cxt 0] Pipeline 'egress': start
[13:35:22.952] [bmv2] [D] [thread 3671] [0.0] [cxt 0] Pipeline 'egress': end
[13:35:22.952] [bmv2] [D] [thread 3671] [0.0] [cxt 0] Deparser 'deparser': start
[13:35:22.952] [bmv2] [D] [thread 3671] [0.0] [cxt 0] Updating checksum 'cksum'
[13:35:22.952] [bmv2] [D] [thread 3671] [0.0] [cxt 0] Deparsing header 'ethernet'
[13:35:22.952] [bmv2] [D] [thread 3671] [0.0] [cxt 0] Deparsing header 'ipv4'
[13:35:22.952] [bmv2] [D] [thread 3671] [0.0] [cxt 0] Deparsing header 'tcp'
[13:35:22.952] [bmv2] [D] [thread 3671] [0.0] [cxt 0] Deparser 'deparser': end
[13:35:22.952] [bmv2] [D] [thread 3674] [0.0] [cxt 0] Transmitting packet of size 74 out of port 1
[13:35:22.956] [bmv2] [D] [thread 3669] [1.0] [cxt 0] Processing packet received on port 1
[13:35:22.956] [bmv2] [D] [thread 3669] [1.0] [cxt 0] Parser 'parser': start
[13:35:22.956] [bmv2] [D] [thread 3669] [1.0] [cxt 0] Parser 'parser' entering state 'start'
[13:35:22.956] [bmv2] [D] [thread 3669] [1.0] [cxt 0] Extracting header 'ethernet'
[13:35:22.956] [bmv2] [D] [thread 3669] [1.0] [cxt 0] Parser state 'start': key is 0800
[13:35:22.956] [bmv2] [T] [thread 3669] [1.0] [cxt 0] Bytes parsed: 14
[13:35:22.956] [bmv2] [D] [thread 3669] [1.0] [cxt 0] Parser 'parser' entering state 'parse_ipv4'
[13:35:22.956] [bmv2] [D] [thread 3669] [1.0] [cxt 0] Extracting header 'ipv4'
[13:35:22.956] [bmv2] [D] [thread 3669] [1.0] [cxt 0] Parser state 'parse_ipv4': key is 06
[13:35:22.956] [bmv2] [T] [thread 3669] [1.0] [cxt 0] Bytes parsed: 34
[13:35:22.956] [bmv2] [D] [thread 3669] [1.0] [cxt 0] Parser 'parser' entering state 'parse_tcp'
[13:35:22.957] [bmv2] [D] [thread 3669] [1.0] [cxt 0] Extracting header 'tcp'
[13:35:22.957] [bmv2] [D] [thread 3669] [1.0] [cxt 0] Parser state 'parse_tcp' has no switch, going to default next state
[13:35:22.957] [bmv2] [T] [thread 3669] [1.0] [cxt 0] Bytes parsed: 54
[13:35:22.957] [bmv2] [D] [thread 3669] [1.0] [cxt 0] Parser 'parser': end
[13:35:22.957] [bmv2] [D] [thread 3669] [1.0] [cxt 0] Pipeline 'ingress': start
[13:35:22.957] [bmv2] [T] [thread 3669] [1.0] [cxt 0] routing.p4(212) Condition "hdr.tcp.isValid() && hdr.tcp.ack == 1 && hdr.tcp.syn == 0 && hdr.tcp.fin == 0" (node_2) is true
[13:35:22.957] [bmv2] [T] [thread 3669] [1.0] [cxt 0] Applying table 'MyIngress.tcp_duplicate'
[13:35:22.957] [bmv2] [D] [thread 3669] [1.0] [cxt 0] Looking up key:
* hdr.ipv4.dstAddr    : 0a000202

[13:35:22.957] [bmv2] [D] [thread 3669] [1.0] [cxt 0] Table 'MyIngress.tcp_duplicate': miss
[13:35:22.957] [bmv2] [D] [thread 3669] [1.0] [cxt 0] Action entry is MyIngress.drop - 
[13:35:22.957] [bmv2] [T] [thread 3669] [1.0] [cxt 0] Action MyIngress.drop
[13:35:22.957] [bmv2] [T] [thread 3669] [1.0] [cxt 0] routing.p4(143) Primitive mark_to_drop(standard_metadata)
[13:35:22.957] [bmv2] [D] [thread 3669] [1.0] [cxt 0] Pipeline 'ingress': end
[13:35:22.957] [bmv2] [D] [thread 3669] [1.0] [cxt 0] Egress port is 511
[13:35:22.957] [bmv2] [D] [thread 3669] [1.0] [cxt 0] Dropping packet at the end of ingress
[13:35:22.958] [bmv2] [D] [thread 3669] [2.0] [cxt 0] Processing packet received on port 1
[13:35:22.958] [bmv2] [D] [thread 3669] [2.0] [cxt 0] Parser 'parser': start
[13:35:22.958] [bmv2] [D] [thread 3669] [2.0] [cxt 0] Parser 'parser' entering state 'start'
[13:35:22.958] [bmv2] [D] [thread 3669] [2.0] [cxt 0] Extracting header 'ethernet'
[13:35:22.958] [bmv2] [D] [thread 3669] [2.0] [cxt 0] Parser state 'start': key is 0800
[13:35:22.958] [bmv2] [T] [thread 3669] [2.0] [cxt 0] Bytes parsed: 14
[13:35:22.958] [bmv2] [D] [thread 3669] [2.0] [cxt 0] Parser 'parser' entering state 'parse_ipv4'
[13:35:22.958] [bmv2] [D] [thread 3669] [2.0] [cxt 0] Extracting header 'ipv4'
[13:35:22.958] [bmv2] [D] [thread 3669] [2.0] [cxt 0] Parser state 'parse_ipv4': key is 06
[13:35:22.958] [bmv2] [T] [thread 3669] [2.0] [cxt 0] Bytes parsed: 34
[13:35:22.958] [bmv2] [D] [thread 3669] [2.0] [cxt 0] Parser 'parser' entering state 'parse_tcp'
[13:35:22.958] [bmv2] [D] [thread 3669] [2.0] [cxt 0] Extracting header 'tcp'
[13:35:22.958] [bmv2] [D] [thread 3669] [2.0] [cxt 0] Parser state 'parse_tcp' has no switch, going to default next state
[13:35:22.958] [bmv2] [T] [thread 3669] [2.0] [cxt 0] Bytes parsed: 54
[13:35:22.958] [bmv2] [D] [thread 3669] [2.0] [cxt 0] Parser 'parser': end
[13:35:22.958] [bmv2] [D] [thread 3669] [2.0] [cxt 0] Pipeline 'ingress': start
[13:35:22.958] [bmv2] [T] [thread 3669] [2.0] [cxt 0] routing.p4(212) Condition "hdr.tcp.isValid() && hdr.tcp.ack == 1 && hdr.tcp.syn == 0 && hdr.tcp.fin == 0" (node_2) is true
[13:35:22.958] [bmv2] [T] [thread 3669] [2.0] [cxt 0] Applying table 'MyIngress.tcp_duplicate'
[13:35:22.958] [bmv2] [D] [thread 3669] [2.0] [cxt 0] Looking up key:
* hdr.ipv4.dstAddr    : 0a000202

[13:35:22.958] [bmv2] [D] [thread 3669] [2.0] [cxt 0] Table 'MyIngress.tcp_duplicate': miss
[13:35:22.958] [bmv2] [D] [thread 3669] [2.0] [cxt 0] Action entry is MyIngress.drop - 
[13:35:22.958] [bmv2] [T] [thread 3669] [2.0] [cxt 0] Action MyIngress.drop
[13:35:22.958] [bmv2] [T] [thread 3669] [2.0] [cxt 0] routing.p4(143) Primitive mark_to_drop(standard_metadata)
[13:35:22.958] [bmv2] [D] [thread 3669] [2.0] [cxt 0] Pipeline 'ingress': end
[13:35:22.958] [bmv2] [D] [thread 3669] [2.0] [cxt 0] Egress port is 511
[13:35:22.958] [bmv2] [D] [thread 3669] [2.0] [cxt 0] Dropping packet at the end of ingress
[13:35:22.959] [bmv2] [D] [thread 3669] [3.0] [cxt 0] Processing packet received on port 1
[13:35:22.959] [bmv2] [D] [thread 3669] [3.0] [cxt 0] Parser 'parser': start
[13:35:22.959] [bmv2] [D] [thread 3669] [3.0] [cxt 0] Parser 'parser' entering state 'start'
[13:35:22.959] [bmv2] [D] [thread 3669] [3.0] [cxt 0] Extracting header 'ethernet'
[13:35:22.959] [bmv2] [D] [thread 3669] [3.0] [cxt 0] Parser state 'start': key is 0800
[13:35:22.959] [bmv2] [T] [thread 3669] [3.0] [cxt 0] Bytes parsed: 14
[13:35:22.959] [bmv2] [D] [thread 3669] [3.0] [cxt 0] Parser 'parser' entering state 'parse_ipv4'
[13:35:22.959] [bmv2] [D] [thread 3669] [3.0] [cxt 0] Extracting header 'ipv4'
[13:35:22.959] [bmv2] [D] [thread 3669] [3.0] [cxt 0] Parser state 'parse_ipv4': key is 06
[13:35:22.959] [bmv2] [T] [thread 3669] [3.0] [cxt 0] Bytes parsed: 34
[13:35:22.959] [bmv2] [D] [thread 3669] [3.0] [cxt 0] Parser 'parser' entering state 'parse_tcp'
[13:35:22.959] [bmv2] [D] [thread 3669] [3.0] [cxt 0] Extracting header 'tcp'
[13:35:22.959] [bmv2] [D] [thread 3669] [3.0] [cxt 0] Parser state 'parse_tcp' has no switch, going to default next state
[13:35:22.959] [bmv2] [T] [thread 3669] [3.0] [cxt 0] Bytes parsed: 54
[13:35:22.959] [bmv2] [D] [thread 3669] [3.0] [cxt 0] Parser 'parser': end
[13:35:22.959] [bmv2] [D] [thread 3669] [3.0] [cxt 0] Pipeline 'ingress': start
[13:35:22.959] [bmv2] [T] [thread 3669] [3.0] [cxt 0] routing.p4(212) Condition "hdr.tcp.isValid() && hdr.tcp.ack == 1 && hdr.tcp.syn == 0 && hdr.tcp.fin == 0" (node_2) is true
[13:35:22.959] [bmv2] [T] [thread 3669] [3.0] [cxt 0] Applying table 'MyIngress.tcp_duplicate'
[13:35:22.960] [bmv2] [D] [thread 3669] [3.0] [cxt 0] Looking up key:
* hdr.ipv4.dstAddr    : 0a000202

[13:35:22.960] [bmv2] [D] [thread 3669] [3.0] [cxt 0] Table 'MyIngress.tcp_duplicate': miss
[13:35:22.960] [bmv2] [D] [thread 3669] [3.0] [cxt 0] Action entry is MyIngress.drop - 
[13:35:22.960] [bmv2] [T] [thread 3669] [3.0] [cxt 0] Action MyIngress.drop
[13:35:22.960] [bmv2] [T] [thread 3669] [3.0] [cxt 0] routing.p4(143) Primitive mark_to_drop(standard_metadata)
[13:35:22.960] [bmv2] [D] [thread 3669] [3.0] [cxt 0] Pipeline 'ingress': end
[13:35:22.960] [bmv2] [D] [thread 3669] [3.0] [cxt 0] Egress port is 511
[13:35:22.960] [bmv2] [D] [thread 3669] [3.0] [cxt 0] Dropping packet at the end of ingress
[13:35:22.960] [bmv2] [D] [thread 3669] [4.0] [cxt 0] Processing packet received on port 1
[13:35:22.960] [bmv2] [D] [thread 3669] [4.0] [cxt 0] Parser 'parser': start
[13:35:22.960] [bmv2] [D] [thread 3669] [4.0] [cxt 0] Parser 'parser' entering state 'start'
[13:35:22.960] [bmv2] [D] [thread 3669] [4.0] [cxt 0] Extracting header 'ethernet'
[13:35:22.960] [bmv2] [D] [thread 3669] [4.0] [cxt 0] Parser state 'start': key is 0800
[13:35:22.960] [bmv2] [T] [thread 3669] [4.0] [cxt 0] Bytes parsed: 14
[13:35:22.960] [bmv2] [D] [thread 3669] [4.0] [cxt 0] Parser 'parser' entering state 'parse_ipv4'
[13:35:22.960] [bmv2] [D] [thread 3669] [4.0] [cxt 0] Extracting header 'ipv4'
[13:35:22.960] [bmv2] [D] [thread 3669] [4.0] [cxt 0] Parser state 'parse_ipv4': key is 06
[13:35:22.960] [bmv2] [T] [thread 3669] [4.0] [cxt 0] Bytes parsed: 34
[13:35:22.960] [bmv2] [D] [thread 3669] [4.0] [cxt 0] Parser 'parser' entering state 'parse_tcp'
[13:35:22.960] [bmv2] [D] [thread 3669] [4.0] [cxt 0] Extracting header 'tcp'
[13:35:22.960] [bmv2] [D] [thread 3669] [4.0] [cxt 0] Parser state 'parse_tcp' has no switch, going to default next state
[13:35:22.960] [bmv2] [T] [thread 3669] [4.0] [cxt 0] Bytes parsed: 54
[13:35:22.960] [bmv2] [D] [thread 3669] [4.0] [cxt 0] Parser 'parser': end
[13:35:22.960] [bmv2] [D] [thread 3669] [4.0] [cxt 0] Pipeline 'ingress': start
[13:35:22.960] [bmv2] [T] [thread 3669] [4.0] [cxt 0] routing.p4(212) Condition "hdr.tcp.isValid() && hdr.tcp.ack == 1 && hdr.tcp.syn == 0 && hdr.tcp.fin == 0" (node_2) is true
[13:35:22.960] [bmv2] [T] [thread 3669] [4.0] [cxt 0] Applying table 'MyIngress.tcp_duplicate'
[13:35:22.960] [bmv2] [D] [thread 3669] [4.0] [cxt 0] Looking up key:
* hdr.ipv4.dstAddr    : 0a000202

[13:35:22.960] [bmv2] [D] [thread 3669] [4.0] [cxt 0] Table 'MyIngress.tcp_duplicate': miss
[13:35:22.960] [bmv2] [D] [thread 3669] [4.0] [cxt 0] Action entry is MyIngress.drop - 
[13:35:22.961] [bmv2] [T] [thread 3669] [4.0] [cxt 0] Action MyIngress.drop
[13:35:22.961] [bmv2] [T] [thread 3669] [4.0] [cxt 0] routing.p4(143) Primitive mark_to_drop(standard_metadata)
[13:35:22.961] [bmv2] [D] [thread 3669] [4.0] [cxt 0] Pipeline 'ingress': end
[13:35:22.961] [bmv2] [D] [thread 3669] [4.0] [cxt 0] Egress port is 511
[13:35:22.961] [bmv2] [D] [thread 3669] [4.0] [cxt 0] Dropping packet at the end of ingress
[13:35:22.987] [bmv2] [D] [thread 3669] [5.0] [cxt 0] Processing packet received on port 1
[13:35:22.987] [bmv2] [D] [thread 3669] [5.0] [cxt 0] Parser 'parser': start
[13:35:22.987] [bmv2] [D] [thread 3669] [5.0] [cxt 0] Parser 'parser' entering state 'start'
[13:35:22.987] [bmv2] [D] [thread 3669] [5.0] [cxt 0] Extracting header 'ethernet'
[13:35:22.988] [bmv2] [D] [thread 3669] [5.0] [cxt 0] Parser state 'start': key is 0800
[13:35:22.988] [bmv2] [T] [thread 3669] [5.0] [cxt 0] Bytes parsed: 14
[13:35:22.988] [bmv2] [D] [thread 3669] [5.0] [cxt 0] Parser 'parser' entering state 'parse_ipv4'
[13:35:22.988] [bmv2] [D] [thread 3669] [5.0] [cxt 0] Extracting header 'ipv4'
[13:35:22.988] [bmv2] [D] [thread 3669] [5.0] [cxt 0] Parser state 'parse_ipv4': key is 06
[13:35:22.988] [bmv2] [T] [thread 3669] [5.0] [cxt 0] Bytes parsed: 34
[13:35:22.988] [bmv2] [D] [thread 3669] [5.0] [cxt 0] Parser 'parser' entering state 'parse_tcp'
[13:35:22.988] [bmv2] [D] [thread 3669] [5.0] [cxt 0] Extracting header 'tcp'
[13:35:22.988] [bmv2] [D] [thread 3669] [5.0] [cxt 0] Parser state 'parse_tcp' has no switch, going to default next state
[13:35:22.988] [bmv2] [T] [thread 3669] [5.0] [cxt 0] Bytes parsed: 54
[13:35:22.988] [bmv2] [D] [thread 3669] [5.0] [cxt 0] Parser 'parser': end
[13:35:22.988] [bmv2] [D] [thread 3669] [5.0] [cxt 0] Pipeline 'ingress': start
[13:35:22.988] [bmv2] [T] [thread 3669] [5.0] [cxt 0] routing.p4(212) Condition "hdr.tcp.isValid() && hdr.tcp.ack == 1 && hdr.tcp.syn == 0 && hdr.tcp.fin == 0" (node_2) is true
[13:35:22.988] [bmv2] [T] [thread 3669] [5.0] [cxt 0] Applying table 'MyIngress.tcp_duplicate'
[13:35:22.988] [bmv2] [D] [thread 3669] [5.0] [cxt 0] Looking up key:
* hdr.ipv4.dstAddr    : 0a000202

[13:35:22.988] [bmv2] [D] [thread 3669] [5.0] [cxt 0] Table 'MyIngress.tcp_duplicate': miss
[13:35:22.988] [bmv2] [D] [thread 3669] [5.0] [cxt 0] Action entry is MyIngress.drop - 
[13:35:22.988] [bmv2] [T] [thread 3669] [5.0] [cxt 0] Action MyIngress.drop
[13:35:22.988] [bmv2] [T] [thread 3669] [5.0] [cxt 0] routing.p4(143) Primitive mark_to_drop(standard_metadata)
[13:35:22.988] [bmv2] [D] [thread 3669] [5.0] [cxt 0] Pipeline 'ingress': end
[13:35:22.988] [bmv2] [D] [thread 3669] [5.0] [cxt 0] Egress port is 511
[13:35:22.988] [bmv2] [D] [thread 3669] [5.0] [cxt 0] Dropping packet at the end of ingress
[13:35:23.204] [bmv2] [D] [thread 3669] [6.0] [cxt 0] Processing packet received on port 1
[13:35:23.204] [bmv2] [D] [thread 3669] [6.0] [cxt 0] Parser 'parser': start
[13:35:23.204] [bmv2] [D] [thread 3669] [6.0] [cxt 0] Parser 'parser' entering state 'start'
[13:35:23.204] [bmv2] [D] [thread 3669] [6.0] [cxt 0] Extracting header 'ethernet'
[13:35:23.204] [bmv2] [D] [thread 3669] [6.0] [cxt 0] Parser state 'start': key is 0800
[13:35:23.204] [bmv2] [T] [thread 3669] [6.0] [cxt 0] Bytes parsed: 14
[13:35:23.204] [bmv2] [D] [thread 3669] [6.0] [cxt 0] Parser 'parser' entering state 'parse_ipv4'
[13:35:23.204] [bmv2] [D] [thread 3669] [6.0] [cxt 0] Extracting header 'ipv4'
[13:35:23.204] [bmv2] [D] [thread 3669] [6.0] [cxt 0] Parser state 'parse_ipv4': key is 06
[13:35:23.204] [bmv2] [T] [thread 3669] [6.0] [cxt 0] Bytes parsed: 34
[13:35:23.204] [bmv2] [D] [thread 3669] [6.0] [cxt 0] Parser 'parser' entering state 'parse_tcp'
[13:35:23.204] [bmv2] [D] [thread 3669] [6.0] [cxt 0] Extracting header 'tcp'
[13:35:23.204] [bmv2] [D] [thread 3669] [6.0] [cxt 0] Parser state 'parse_tcp' has no switch, going to default next state
[13:35:23.204] [bmv2] [T] [thread 3669] [6.0] [cxt 0] Bytes parsed: 54
[13:35:23.204] [bmv2] [D] [thread 3669] [6.0] [cxt 0] Parser 'parser': end
[13:35:23.204] [bmv2] [D] [thread 3669] [6.0] [cxt 0] Pipeline 'ingress': start
[13:35:23.204] [bmv2] [T] [thread 3669] [6.0] [cxt 0] routing.p4(212) Condition "hdr.tcp.isValid() && hdr.tcp.ack == 1 && hdr.tcp.syn == 0 && hdr.tcp.fin == 0" (node_2) is true
[13:35:23.204] [bmv2] [T] [thread 3669] [6.0] [cxt 0] Applying table 'MyIngress.tcp_duplicate'
[13:35:23.204] [bmv2] [D] [thread 3669] [6.0] [cxt 0] Looking up key:
* hdr.ipv4.dstAddr    : 0a000202

[13:35:23.204] [bmv2] [D] [thread 3669] [6.0] [cxt 0] Table 'MyIngress.tcp_duplicate': miss
[13:35:23.204] [bmv2] [D] [thread 3669] [6.0] [cxt 0] Action entry is MyIngress.drop - 
[13:35:23.204] [bmv2] [T] [thread 3669] [6.0] [cxt 0] Action MyIngress.drop
[13:35:23.204] [bmv2] [T] [thread 3669] [6.0] [cxt 0] routing.p4(143) Primitive mark_to_drop(standard_metadata)
[13:35:23.204] [bmv2] [D] [thread 3669] [6.0] [cxt 0] Pipeline 'ingress': end
[13:35:23.204] [bmv2] [D] [thread 3669] [6.0] [cxt 0] Egress port is 511
[13:35:23.204] [bmv2] [D] [thread 3669] [6.0] [cxt 0] Dropping packet at the end of ingress
[13:35:23.648] [bmv2] [D] [thread 3669] [7.0] [cxt 0] Processing packet received on port 1
[13:35:23.648] [bmv2] [D] [thread 3669] [7.0] [cxt 0] Parser 'parser': start
[13:35:23.648] [bmv2] [D] [thread 3669] [7.0] [cxt 0] Parser 'parser' entering state 'start'
[13:35:23.648] [bmv2] [D] [thread 3669] [7.0] [cxt 0] Extracting header 'ethernet'
[13:35:23.648] [bmv2] [D] [thread 3669] [7.0] [cxt 0] Parser state 'start': key is 0800
[13:35:23.648] [bmv2] [T] [thread 3669] [7.0] [cxt 0] Bytes parsed: 14
[13:35:23.648] [bmv2] [D] [thread 3669] [7.0] [cxt 0] Parser 'parser' entering state 'parse_ipv4'
[13:35:23.648] [bmv2] [D] [thread 3669] [7.0] [cxt 0] Extracting header 'ipv4'
[13:35:23.648] [bmv2] [D] [thread 3669] [7.0] [cxt 0] Parser state 'parse_ipv4': key is 06
[13:35:23.648] [bmv2] [T] [thread 3669] [7.0] [cxt 0] Bytes parsed: 34
[13:35:23.648] [bmv2] [D] [thread 3669] [7.0] [cxt 0] Parser 'parser' entering state 'parse_tcp'
[13:35:23.648] [bmv2] [D] [thread 3669] [7.0] [cxt 0] Extracting header 'tcp'
[13:35:23.648] [bmv2] [D] [thread 3669] [7.0] [cxt 0] Parser state 'parse_tcp' has no switch, going to default next state
[13:35:23.648] [bmv2] [T] [thread 3669] [7.0] [cxt 0] Bytes parsed: 54
[13:35:23.648] [bmv2] [D] [thread 3669] [7.0] [cxt 0] Parser 'parser': end
[13:35:23.648] [bmv2] [D] [thread 3669] [7.0] [cxt 0] Pipeline 'ingress': start
[13:35:23.648] [bmv2] [T] [thread 3669] [7.0] [cxt 0] routing.p4(212) Condition "hdr.tcp.isValid() && hdr.tcp.ack == 1 && hdr.tcp.syn == 0 && hdr.tcp.fin == 0" (node_2) is true
[13:35:23.648] [bmv2] [T] [thread 3669] [7.0] [cxt 0] Applying table 'MyIngress.tcp_duplicate'
[13:35:23.648] [bmv2] [D] [thread 3669] [7.0] [cxt 0] Looking up key:
* hdr.ipv4.dstAddr    : 0a000202

[13:35:23.648] [bmv2] [D] [thread 3669] [7.0] [cxt 0] Table 'MyIngress.tcp_duplicate': miss
[13:35:23.648] [bmv2] [D] [thread 3669] [7.0] [cxt 0] Action entry is MyIngress.drop - 
[13:35:23.648] [bmv2] [T] [thread 3669] [7.0] [cxt 0] Action MyIngress.drop
[13:35:23.648] [bmv2] [T] [thread 3669] [7.0] [cxt 0] routing.p4(143) Primitive mark_to_drop(standard_metadata)
[13:35:23.648] [bmv2] [D] [thread 3669] [7.0] [cxt 0] Pipeline 'ingress': end
[13:35:23.648] [bmv2] [D] [thread 3669] [7.0] [cxt 0] Egress port is 511
[13:35:23.648] [bmv2] [D] [thread 3669] [7.0] [cxt 0] Dropping packet at the end of ingress
[13:35:23.967] [bmv2] [D] [thread 3669] [8.0] [cxt 0] Processing packet received on port 2
[13:35:23.967] [bmv2] [D] [thread 3669] [8.0] [cxt 0] Parser 'parser': start
[13:35:23.967] [bmv2] [D] [thread 3669] [8.0] [cxt 0] Parser 'parser' entering state 'start'
[13:35:23.967] [bmv2] [D] [thread 3669] [8.0] [cxt 0] Extracting header 'ethernet'
[13:35:23.967] [bmv2] [D] [thread 3669] [8.0] [cxt 0] Parser state 'start': key is 0800
[13:35:23.967] [bmv2] [T] [thread 3669] [8.0] [cxt 0] Bytes parsed: 14
[13:35:23.967] [bmv2] [D] [thread 3669] [8.0] [cxt 0] Parser 'parser' entering state 'parse_ipv4'
[13:35:23.967] [bmv2] [D] [thread 3669] [8.0] [cxt 0] Extracting header 'ipv4'
[13:35:23.967] [bmv2] [D] [thread 3669] [8.0] [cxt 0] Parser state 'parse_ipv4': key is 06
[13:35:23.968] [bmv2] [T] [thread 3669] [8.0] [cxt 0] Bytes parsed: 34
[13:35:23.968] [bmv2] [D] [thread 3669] [8.0] [cxt 0] Parser 'parser' entering state 'parse_tcp'
[13:35:23.968] [bmv2] [D] [thread 3669] [8.0] [cxt 0] Extracting header 'tcp'
[13:35:23.968] [bmv2] [D] [thread 3669] [8.0] [cxt 0] Parser state 'parse_tcp' has no switch, going to default next state
[13:35:23.968] [bmv2] [T] [thread 3669] [8.0] [cxt 0] Bytes parsed: 54
[13:35:23.968] [bmv2] [D] [thread 3669] [8.0] [cxt 0] Parser 'parser': end
[13:35:23.968] [bmv2] [D] [thread 3669] [8.0] [cxt 0] Pipeline 'ingress': start
[13:35:23.968] [bmv2] [T] [thread 3669] [8.0] [cxt 0] routing.p4(212) Condition "hdr.tcp.isValid() && hdr.tcp.ack == 1 && hdr.tcp.syn == 0 && hdr.tcp.fin == 0" (node_2) is false
[13:35:23.968] [bmv2] [T] [thread 3669] [8.0] [cxt 0] routing.p4(215) Condition "hdr.tcp.isValid() && hdr.tcp.ack == 1" (node_4) is true
[13:35:23.968] [bmv2] [T] [thread 3669] [8.0] [cxt 0] Applying table 'MyIngress.tcp_ack_exact'
[13:35:23.968] [bmv2] [D] [thread 3669] [8.0] [cxt 0] Looking up key:
* hdr.ipv4.dstAddr    : 0a000101

[13:35:23.968] [bmv2] [D] [thread 3669] [8.0] [cxt 0] Table 'MyIngress.tcp_ack_exact': hit with handle 0
[13:35:23.968] [bmv2] [D] [thread 3669] [8.0] [cxt 0] Dumping entry 0
Match key:
* hdr.ipv4.dstAddr    : LPM       0a000101/32
Action entry: MyIngress.tcp_ack_forward - 80000000111,1,

[13:35:23.968] [bmv2] [D] [thread 3669] [8.0] [cxt 0] Action entry is MyIngress.tcp_ack_forward - 80000000111,1,
[13:35:23.968] [bmv2] [T] [thread 3669] [8.0] [cxt 0] Action MyIngress.tcp_ack_forward
[13:35:23.968] [bmv2] [T] [thread 3669] [8.0] [cxt 0] routing.p4(148) Primitive standard_metadata.egress_spec = port; ...
[13:35:23.968] [bmv2] [T] [thread 3669] [8.0] [cxt 0] routing.p4(149) Primitive hdr.ethernet.srcAddr = hdr.ethernet.dstAddr
[13:35:23.968] [bmv2] [T] [thread 3669] [8.0] [cxt 0] routing.p4(150) Primitive hdr.ethernet.dstAddr = dstAddr; ...
[13:35:23.968] [bmv2] [T] [thread 3669] [8.0] [cxt 0] routing.p4(151) Primitive hdr.ipv4.ttl = hdr.ipv4.ttl - 1
[13:35:23.968] [bmv2] [D] [thread 3669] [8.0] [cxt 0] Pipeline 'ingress': end
[13:35:23.968] [bmv2] [D] [thread 3669] [8.0] [cxt 0] Egress port is 1
[13:35:23.968] [bmv2] [D] [thread 3671] [8.0] [cxt 0] Pipeline 'egress': start
[13:35:23.968] [bmv2] [D] [thread 3671] [8.0] [cxt 0] Pipeline 'egress': end
[13:35:23.968] [bmv2] [D] [thread 3671] [8.0] [cxt 0] Deparser 'deparser': start
[13:35:23.968] [bmv2] [D] [thread 3671] [8.0] [cxt 0] Updating checksum 'cksum'
[13:35:23.968] [bmv2] [D] [thread 3671] [8.0] [cxt 0] Deparsing header 'ethernet'
[13:35:23.968] [bmv2] [D] [thread 3671] [8.0] [cxt 0] Deparsing header 'ipv4'
[13:35:23.968] [bmv2] [D] [thread 3671] [8.0] [cxt 0] Deparsing header 'tcp'
[13:35:23.968] [bmv2] [D] [thread 3671] [8.0] [cxt 0] Deparser 'deparser': end
[13:35:23.968] [bmv2] [D] [thread 3674] [8.0] [cxt 0] Transmitting packet of size 74 out of port 1
[13:35:23.972] [bmv2] [D] [thread 3669] [9.0] [cxt 0] Processing packet received on port 1
[13:35:23.972] [bmv2] [D] [thread 3669] [9.0] [cxt 0] Parser 'parser': start
[13:35:23.972] [bmv2] [D] [thread 3669] [9.0] [cxt 0] Parser 'parser' entering state 'start'
[13:35:23.972] [bmv2] [D] [thread 3669] [9.0] [cxt 0] Extracting header 'ethernet'
[13:35:23.972] [bmv2] [D] [thread 3669] [9.0] [cxt 0] Parser state 'start': key is 0800
[13:35:23.972] [bmv2] [T] [thread 3669] [9.0] [cxt 0] Bytes parsed: 14
[13:35:23.972] [bmv2] [D] [thread 3669] [9.0] [cxt 0] Parser 'parser' entering state 'parse_ipv4'
[13:35:23.972] [bmv2] [D] [thread 3669] [9.0] [cxt 0] Extracting header 'ipv4'
[13:35:23.972] [bmv2] [D] [thread 3669] [9.0] [cxt 0] Parser state 'parse_ipv4': key is 06
[13:35:23.972] [bmv2] [T] [thread 3669] [9.0] [cxt 0] Bytes parsed: 34
[13:35:23.972] [bmv2] [D] [thread 3669] [9.0] [cxt 0] Parser 'parser' entering state 'parse_tcp'
[13:35:23.972] [bmv2] [D] [thread 3669] [9.0] [cxt 0] Extracting header 'tcp'
[13:35:23.972] [bmv2] [D] [thread 3669] [9.0] [cxt 0] Parser state 'parse_tcp' has no switch, going to default next state
[13:35:23.972] [bmv2] [T] [thread 3669] [9.0] [cxt 0] Bytes parsed: 54
[13:35:23.972] [bmv2] [D] [thread 3669] [9.0] [cxt 0] Parser 'parser': end
[13:35:23.972] [bmv2] [D] [thread 3669] [9.0] [cxt 0] Pipeline 'ingress': start
[13:35:23.972] [bmv2] [T] [thread 3669] [9.0] [cxt 0] routing.p4(212) Condition "hdr.tcp.isValid() && hdr.tcp.ack == 1 && hdr.tcp.syn == 0 && hdr.tcp.fin == 0" (node_2) is true
[13:35:23.972] [bmv2] [T] [thread 3669] [9.0] [cxt 0] Applying table 'MyIngress.tcp_duplicate'
[13:35:23.972] [bmv2] [D] [thread 3669] [9.0] [cxt 0] Looking up key:
* hdr.ipv4.dstAddr    : 0a000202

[13:35:23.972] [bmv2] [D] [thread 3669] [9.0] [cxt 0] Table 'MyIngress.tcp_duplicate': miss
[13:35:23.972] [bmv2] [D] [thread 3669] [9.0] [cxt 0] Action entry is MyIngress.drop - 
[13:35:23.972] [bmv2] [T] [thread 3669] [9.0] [cxt 0] Action MyIngress.drop
[13:35:23.972] [bmv2] [T] [thread 3669] [9.0] [cxt 0] routing.p4(143) Primitive mark_to_drop(standard_metadata)
[13:35:23.972] [bmv2] [D] [thread 3669] [9.0] [cxt 0] Pipeline 'ingress': end
[13:35:23.972] [bmv2] [D] [thread 3669] [9.0] [cxt 0] Egress port is 511
[13:35:23.972] [bmv2] [D] [thread 3669] [9.0] [cxt 0] Dropping packet at the end of ingress
[13:35:24.520] [bmv2] [D] [thread 3669] [10.0] [cxt 0] Processing packet received on port 1
[13:35:24.520] [bmv2] [D] [thread 3669] [10.0] [cxt 0] Parser 'parser': start
[13:35:24.520] [bmv2] [D] [thread 3669] [10.0] [cxt 0] Parser 'parser' entering state 'start'
[13:35:24.520] [bmv2] [D] [thread 3669] [10.0] [cxt 0] Extracting header 'ethernet'
[13:35:24.520] [bmv2] [D] [thread 3669] [10.0] [cxt 0] Parser state 'start': key is 0800
[13:35:24.520] [bmv2] [T] [thread 3669] [10.0] [cxt 0] Bytes parsed: 14
[13:35:24.520] [bmv2] [D] [thread 3669] [10.0] [cxt 0] Parser 'parser' entering state 'parse_ipv4'
[13:35:24.520] [bmv2] [D] [thread 3669] [10.0] [cxt 0] Extracting header 'ipv4'
[13:35:24.520] [bmv2] [D] [thread 3669] [10.0] [cxt 0] Parser state 'parse_ipv4': key is 06
[13:35:24.520] [bmv2] [T] [thread 3669] [10.0] [cxt 0] Bytes parsed: 34
[13:35:24.520] [bmv2] [D] [thread 3669] [10.0] [cxt 0] Parser 'parser' entering state 'parse_tcp'
[13:35:24.520] [bmv2] [D] [thread 3669] [10.0] [cxt 0] Extracting header 'tcp'
[13:35:24.520] [bmv2] [D] [thread 3669] [10.0] [cxt 0] Parser state 'parse_tcp' has no switch, going to default next state
[13:35:24.520] [bmv2] [T] [thread 3669] [10.0] [cxt 0] Bytes parsed: 54
[13:35:24.520] [bmv2] [D] [thread 3669] [10.0] [cxt 0] Parser 'parser': end
[13:35:24.520] [bmv2] [D] [thread 3669] [10.0] [cxt 0] Pipeline 'ingress': start
[13:35:24.520] [bmv2] [T] [thread 3669] [10.0] [cxt 0] routing.p4(212) Condition "hdr.tcp.isValid() && hdr.tcp.ack == 1 && hdr.tcp.syn == 0 && hdr.tcp.fin == 0" (node_2) is true
[13:35:24.520] [bmv2] [T] [thread 3669] [10.0] [cxt 0] Applying table 'MyIngress.tcp_duplicate'
[13:35:24.520] [bmv2] [D] [thread 3669] [10.0] [cxt 0] Looking up key:
* hdr.ipv4.dstAddr    : 0a000202

[13:35:24.520] [bmv2] [D] [thread 3669] [10.0] [cxt 0] Table 'MyIngress.tcp_duplicate': miss
[13:35:24.520] [bmv2] [D] [thread 3669] [10.0] [cxt 0] Action entry is MyIngress.drop - 
[13:35:24.520] [bmv2] [T] [thread 3669] [10.0] [cxt 0] Action MyIngress.drop
[13:35:24.520] [bmv2] [T] [thread 3669] [10.0] [cxt 0] routing.p4(143) Primitive mark_to_drop(standard_metadata)
[13:35:24.520] [bmv2] [D] [thread 3669] [10.0] [cxt 0] Pipeline 'ingress': end
[13:35:24.520] [bmv2] [D] [thread 3669] [10.0] [cxt 0] Egress port is 511
[13:35:24.520] [bmv2] [D] [thread 3669] [10.0] [cxt 0] Dropping packet at the end of ingress
[13:35:25.984] [bmv2] [D] [thread 3669] [11.0] [cxt 0] Processing packet received on port 2
[13:35:25.984] [bmv2] [D] [thread 3669] [11.0] [cxt 0] Parser 'parser': start
[13:35:25.984] [bmv2] [D] [thread 3669] [11.0] [cxt 0] Parser 'parser' entering state 'start'
[13:35:25.984] [bmv2] [D] [thread 3669] [11.0] [cxt 0] Extracting header 'ethernet'
[13:35:25.984] [bmv2] [D] [thread 3669] [11.0] [cxt 0] Parser state 'start': key is 0800
[13:35:25.984] [bmv2] [T] [thread 3669] [11.0] [cxt 0] Bytes parsed: 14
[13:35:25.984] [bmv2] [D] [thread 3669] [11.0] [cxt 0] Parser 'parser' entering state 'parse_ipv4'
[13:35:25.984] [bmv2] [D] [thread 3669] [11.0] [cxt 0] Extracting header 'ipv4'
[13:35:25.984] [bmv2] [D] [thread 3669] [11.0] [cxt 0] Parser state 'parse_ipv4': key is 06
[13:35:25.984] [bmv2] [T] [thread 3669] [11.0] [cxt 0] Bytes parsed: 34
[13:35:25.984] [bmv2] [D] [thread 3669] [11.0] [cxt 0] Parser 'parser' entering state 'parse_tcp'
[13:35:25.984] [bmv2] [D] [thread 3669] [11.0] [cxt 0] Extracting header 'tcp'
[13:35:25.984] [bmv2] [D] [thread 3669] [11.0] [cxt 0] Parser state 'parse_tcp' has no switch, going to default next state
[13:35:25.984] [bmv2] [T] [thread 3669] [11.0] [cxt 0] Bytes parsed: 54
[13:35:25.984] [bmv2] [D] [thread 3669] [11.0] [cxt 0] Parser 'parser': end
[13:35:25.984] [bmv2] [D] [thread 3669] [11.0] [cxt 0] Pipeline 'ingress': start
[13:35:25.984] [bmv2] [T] [thread 3669] [11.0] [cxt 0] routing.p4(212) Condition "hdr.tcp.isValid() && hdr.tcp.ack == 1 && hdr.tcp.syn == 0 && hdr.tcp.fin == 0" (node_2) is false
[13:35:25.984] [bmv2] [T] [thread 3669] [11.0] [cxt 0] routing.p4(215) Condition "hdr.tcp.isValid() && hdr.tcp.ack == 1" (node_4) is true
[13:35:25.984] [bmv2] [T] [thread 3669] [11.0] [cxt 0] Applying table 'MyIngress.tcp_ack_exact'
[13:35:25.984] [bmv2] [D] [thread 3669] [11.0] [cxt 0] Looking up key:
* hdr.ipv4.dstAddr    : 0a000101

[13:35:25.984] [bmv2] [D] [thread 3669] [11.0] [cxt 0] Table 'MyIngress.tcp_ack_exact': hit with handle 0
[13:35:25.984] [bmv2] [D] [thread 3669] [11.0] [cxt 0] Dumping entry 0
Match key:
* hdr.ipv4.dstAddr    : LPM       0a000101/32
Action entry: MyIngress.tcp_ack_forward - 80000000111,1,

[13:35:25.984] [bmv2] [D] [thread 3669] [11.0] [cxt 0] Action entry is MyIngress.tcp_ack_forward - 80000000111,1,
[13:35:25.984] [bmv2] [T] [thread 3669] [11.0] [cxt 0] Action MyIngress.tcp_ack_forward
[13:35:25.984] [bmv2] [T] [thread 3669] [11.0] [cxt 0] routing.p4(148) Primitive standard_metadata.egress_spec = port; ...
[13:35:25.984] [bmv2] [T] [thread 3669] [11.0] [cxt 0] routing.p4(149) Primitive hdr.ethernet.srcAddr = hdr.ethernet.dstAddr
[13:35:25.984] [bmv2] [T] [thread 3669] [11.0] [cxt 0] routing.p4(150) Primitive hdr.ethernet.dstAddr = dstAddr; ...
[13:35:25.984] [bmv2] [T] [thread 3669] [11.0] [cxt 0] routing.p4(151) Primitive hdr.ipv4.ttl = hdr.ipv4.ttl - 1
[13:35:25.984] [bmv2] [D] [thread 3669] [11.0] [cxt 0] Pipeline 'ingress': end
[13:35:25.985] [bmv2] [D] [thread 3669] [11.0] [cxt 0] Egress port is 1
[13:35:25.985] [bmv2] [D] [thread 3671] [11.0] [cxt 0] Pipeline 'egress': start
[13:35:25.985] [bmv2] [D] [thread 3671] [11.0] [cxt 0] Pipeline 'egress': end
[13:35:25.985] [bmv2] [D] [thread 3671] [11.0] [cxt 0] Deparser 'deparser': start
[13:35:25.985] [bmv2] [D] [thread 3671] [11.0] [cxt 0] Updating checksum 'cksum'
[13:35:25.985] [bmv2] [D] [thread 3671] [11.0] [cxt 0] Deparsing header 'ethernet'
[13:35:25.985] [bmv2] [D] [thread 3671] [11.0] [cxt 0] Deparsing header 'ipv4'
[13:35:25.985] [bmv2] [D] [thread 3671] [11.0] [cxt 0] Deparsing header 'tcp'
[13:35:25.985] [bmv2] [D] [thread 3671] [11.0] [cxt 0] Deparser 'deparser': end
[13:35:25.985] [bmv2] [D] [thread 3674] [11.0] [cxt 0] Transmitting packet of size 74 out of port 1
[13:35:25.989] [bmv2] [D] [thread 3669] [12.0] [cxt 0] Processing packet received on port 1
[13:35:25.989] [bmv2] [D] [thread 3669] [12.0] [cxt 0] Parser 'parser': start
[13:35:25.989] [bmv2] [D] [thread 3669] [12.0] [cxt 0] Parser 'parser' entering state 'start'
[13:35:25.989] [bmv2] [D] [thread 3669] [12.0] [cxt 0] Extracting header 'ethernet'
[13:35:25.989] [bmv2] [D] [thread 3669] [12.0] [cxt 0] Parser state 'start': key is 0800
[13:35:25.989] [bmv2] [T] [thread 3669] [12.0] [cxt 0] Bytes parsed: 14
[13:35:25.989] [bmv2] [D] [thread 3669] [12.0] [cxt 0] Parser 'parser' entering state 'parse_ipv4'
[13:35:25.989] [bmv2] [D] [thread 3669] [12.0] [cxt 0] Extracting header 'ipv4'
[13:35:25.989] [bmv2] [D] [thread 3669] [12.0] [cxt 0] Parser state 'parse_ipv4': key is 06
[13:35:25.989] [bmv2] [T] [thread 3669] [12.0] [cxt 0] Bytes parsed: 34
[13:35:25.989] [bmv2] [D] [thread 3669] [12.0] [cxt 0] Parser 'parser' entering state 'parse_tcp'
[13:35:25.989] [bmv2] [D] [thread 3669] [12.0] [cxt 0] Extracting header 'tcp'
[13:35:25.989] [bmv2] [D] [thread 3669] [12.0] [cxt 0] Parser state 'parse_tcp' has no switch, going to default next state
[13:35:25.989] [bmv2] [T] [thread 3669] [12.0] [cxt 0] Bytes parsed: 54
[13:35:25.989] [bmv2] [D] [thread 3669] [12.0] [cxt 0] Parser 'parser': end
[13:35:25.989] [bmv2] [D] [thread 3669] [12.0] [cxt 0] Pipeline 'ingress': start
[13:35:25.989] [bmv2] [T] [thread 3669] [12.0] [cxt 0] routing.p4(212) Condition "hdr.tcp.isValid() && hdr.tcp.ack == 1 && hdr.tcp.syn == 0 && hdr.tcp.fin == 0" (node_2) is true
[13:35:25.989] [bmv2] [T] [thread 3669] [12.0] [cxt 0] Applying table 'MyIngress.tcp_duplicate'
[13:35:25.989] [bmv2] [D] [thread 3669] [12.0] [cxt 0] Looking up key:
* hdr.ipv4.dstAddr    : 0a000202

[13:35:25.989] [bmv2] [D] [thread 3669] [12.0] [cxt 0] Table 'MyIngress.tcp_duplicate': miss
[13:35:25.989] [bmv2] [D] [thread 3669] [12.0] [cxt 0] Action entry is MyIngress.drop - 
[13:35:25.989] [bmv2] [T] [thread 3669] [12.0] [cxt 0] Action MyIngress.drop
[13:35:25.989] [bmv2] [T] [thread 3669] [12.0] [cxt 0] routing.p4(143) Primitive mark_to_drop(standard_metadata)
[13:35:25.989] [bmv2] [D] [thread 3669] [12.0] [cxt 0] Pipeline 'ingress': end
[13:35:25.989] [bmv2] [D] [thread 3669] [12.0] [cxt 0] Egress port is 511
[13:35:25.989] [bmv2] [D] [thread 3669] [12.0] [cxt 0] Dropping packet at the end of ingress
[13:35:26.238] [bmv2] [D] [thread 3669] [13.0] [cxt 0] Processing packet received on port 1
[13:35:26.238] [bmv2] [D] [thread 3669] [13.0] [cxt 0] Parser 'parser': start
[13:35:26.238] [bmv2] [D] [thread 3669] [13.0] [cxt 0] Parser 'parser' entering state 'start'
[13:35:26.238] [bmv2] [D] [thread 3669] [13.0] [cxt 0] Extracting header 'ethernet'
[13:35:26.238] [bmv2] [D] [thread 3669] [13.0] [cxt 0] Parser state 'start': key is 0800
[13:35:26.238] [bmv2] [T] [thread 3669] [13.0] [cxt 0] Bytes parsed: 14
[13:35:26.238] [bmv2] [D] [thread 3669] [13.0] [cxt 0] Parser 'parser' entering state 'parse_ipv4'
[13:35:26.238] [bmv2] [D] [thread 3669] [13.0] [cxt 0] Extracting header 'ipv4'
[13:35:26.238] [bmv2] [D] [thread 3669] [13.0] [cxt 0] Parser state 'parse_ipv4': key is 06
[13:35:26.238] [bmv2] [T] [thread 3669] [13.0] [cxt 0] Bytes parsed: 34
[13:35:26.238] [bmv2] [D] [thread 3669] [13.0] [cxt 0] Parser 'parser' entering state 'parse_tcp'
[13:35:26.238] [bmv2] [D] [thread 3669] [13.0] [cxt 0] Extracting header 'tcp'
[13:35:26.238] [bmv2] [D] [thread 3669] [13.0] [cxt 0] Parser state 'parse_tcp' has no switch, going to default next state
[13:35:26.238] [bmv2] [T] [thread 3669] [13.0] [cxt 0] Bytes parsed: 54
[13:35:26.238] [bmv2] [D] [thread 3669] [13.0] [cxt 0] Parser 'parser': end
[13:35:26.238] [bmv2] [D] [thread 3669] [13.0] [cxt 0] Pipeline 'ingress': start
[13:35:26.238] [bmv2] [T] [thread 3669] [13.0] [cxt 0] routing.p4(212) Condition "hdr.tcp.isValid() && hdr.tcp.ack == 1 && hdr.tcp.syn == 0 && hdr.tcp.fin == 0" (node_2) is true
[13:35:26.238] [bmv2] [T] [thread 3669] [13.0] [cxt 0] Applying table 'MyIngress.tcp_duplicate'
[13:35:26.238] [bmv2] [D] [thread 3669] [13.0] [cxt 0] Looking up key:
* hdr.ipv4.dstAddr    : 0a000202

[13:35:26.238] [bmv2] [D] [thread 3669] [13.0] [cxt 0] Table 'MyIngress.tcp_duplicate': miss
[13:35:26.238] [bmv2] [D] [thread 3669] [13.0] [cxt 0] Action entry is MyIngress.drop - 
[13:35:26.238] [bmv2] [T] [thread 3669] [13.0] [cxt 0] Action MyIngress.drop
[13:35:26.238] [bmv2] [T] [thread 3669] [13.0] [cxt 0] routing.p4(143) Primitive mark_to_drop(standard_metadata)
[13:35:26.238] [bmv2] [D] [thread 3669] [13.0] [cxt 0] Pipeline 'ingress': end
[13:35:26.238] [bmv2] [D] [thread 3669] [13.0] [cxt 0] Egress port is 511
[13:35:26.238] [bmv2] [D] [thread 3669] [13.0] [cxt 0] Dropping packet at the end of ingress
[13:35:29.896] [bmv2] [D] [thread 3669] [14.0] [cxt 0] Processing packet received on port 1
[13:35:29.896] [bmv2] [D] [thread 3669] [14.0] [cxt 0] Parser 'parser': start
[13:35:29.896] [bmv2] [D] [thread 3669] [14.0] [cxt 0] Parser 'parser' entering state 'start'
[13:35:29.896] [bmv2] [D] [thread 3669] [14.0] [cxt 0] Extracting header 'ethernet'
[13:35:29.896] [bmv2] [D] [thread 3669] [14.0] [cxt 0] Parser state 'start': key is 0800
[13:35:29.896] [bmv2] [T] [thread 3669] [14.0] [cxt 0] Bytes parsed: 14
[13:35:29.896] [bmv2] [D] [thread 3669] [14.0] [cxt 0] Parser 'parser' entering state 'parse_ipv4'
[13:35:29.896] [bmv2] [D] [thread 3669] [14.0] [cxt 0] Extracting header 'ipv4'
[13:35:29.896] [bmv2] [D] [thread 3669] [14.0] [cxt 0] Parser state 'parse_ipv4': key is 06
[13:35:29.896] [bmv2] [T] [thread 3669] [14.0] [cxt 0] Bytes parsed: 34
[13:35:29.896] [bmv2] [D] [thread 3669] [14.0] [cxt 0] Parser 'parser' entering state 'parse_tcp'
[13:35:29.896] [bmv2] [D] [thread 3669] [14.0] [cxt 0] Extracting header 'tcp'
[13:35:29.896] [bmv2] [D] [thread 3669] [14.0] [cxt 0] Parser state 'parse_tcp' has no switch, going to default next state
[13:35:29.896] [bmv2] [T] [thread 3669] [14.0] [cxt 0] Bytes parsed: 54
[13:35:29.896] [bmv2] [D] [thread 3669] [14.0] [cxt 0] Parser 'parser': end
[13:35:29.896] [bmv2] [D] [thread 3669] [14.0] [cxt 0] Pipeline 'ingress': start
[13:35:29.896] [bmv2] [T] [thread 3669] [14.0] [cxt 0] routing.p4(212) Condition "hdr.tcp.isValid() && hdr.tcp.ack == 1 && hdr.tcp.syn == 0 && hdr.tcp.fin == 0" (node_2) is true
[13:35:29.896] [bmv2] [T] [thread 3669] [14.0] [cxt 0] Applying table 'MyIngress.tcp_duplicate'
[13:35:29.896] [bmv2] [D] [thread 3669] [14.0] [cxt 0] Looking up key:
* hdr.ipv4.dstAddr    : 0a000202

[13:35:29.896] [bmv2] [D] [thread 3669] [14.0] [cxt 0] Table 'MyIngress.tcp_duplicate': miss
[13:35:29.896] [bmv2] [D] [thread 3669] [14.0] [cxt 0] Action entry is MyIngress.drop - 
[13:35:29.896] [bmv2] [T] [thread 3669] [14.0] [cxt 0] Action MyIngress.drop
[13:35:29.897] [bmv2] [T] [thread 3669] [14.0] [cxt 0] routing.p4(143) Primitive mark_to_drop(standard_metadata)
[13:35:29.897] [bmv2] [D] [thread 3669] [14.0] [cxt 0] Pipeline 'ingress': end
[13:35:29.897] [bmv2] [D] [thread 3669] [14.0] [cxt 0] Egress port is 511
[13:35:29.897] [bmv2] [D] [thread 3669] [14.0] [cxt 0] Dropping packet at the end of ingress
[13:35:30.144] [bmv2] [D] [thread 3669] [15.0] [cxt 0] Processing packet received on port 2
[13:35:30.144] [bmv2] [D] [thread 3669] [15.0] [cxt 0] Parser 'parser': start
[13:35:30.144] [bmv2] [D] [thread 3669] [15.0] [cxt 0] Parser 'parser' entering state 'start'
[13:35:30.144] [bmv2] [D] [thread 3669] [15.0] [cxt 0] Extracting header 'ethernet'
[13:35:30.144] [bmv2] [D] [thread 3669] [15.0] [cxt 0] Parser state 'start': key is 0800
[13:35:30.144] [bmv2] [T] [thread 3669] [15.0] [cxt 0] Bytes parsed: 14
[13:35:30.144] [bmv2] [D] [thread 3669] [15.0] [cxt 0] Parser 'parser' entering state 'parse_ipv4'
[13:35:30.144] [bmv2] [D] [thread 3669] [15.0] [cxt 0] Extracting header 'ipv4'
[13:35:30.144] [bmv2] [D] [thread 3669] [15.0] [cxt 0] Parser state 'parse_ipv4': key is 06
[13:35:30.144] [bmv2] [T] [thread 3669] [15.0] [cxt 0] Bytes parsed: 34
[13:35:30.144] [bmv2] [D] [thread 3669] [15.0] [cxt 0] Parser 'parser' entering state 'parse_tcp'
[13:35:30.144] [bmv2] [D] [thread 3669] [15.0] [cxt 0] Extracting header 'tcp'
[13:35:30.144] [bmv2] [D] [thread 3669] [15.0] [cxt 0] Parser state 'parse_tcp' has no switch, going to default next state
[13:35:30.144] [bmv2] [T] [thread 3669] [15.0] [cxt 0] Bytes parsed: 54
[13:35:30.144] [bmv2] [D] [thread 3669] [15.0] [cxt 0] Parser 'parser': end
[13:35:30.144] [bmv2] [D] [thread 3669] [15.0] [cxt 0] Pipeline 'ingress': start
[13:35:30.144] [bmv2] [T] [thread 3669] [15.0] [cxt 0] routing.p4(212) Condition "hdr.tcp.isValid() && hdr.tcp.ack == 1 && hdr.tcp.syn == 0 && hdr.tcp.fin == 0" (node_2) is false
[13:35:30.144] [bmv2] [T] [thread 3669] [15.0] [cxt 0] routing.p4(215) Condition "hdr.tcp.isValid() && hdr.tcp.ack == 1" (node_4) is true
[13:35:30.144] [bmv2] [T] [thread 3669] [15.0] [cxt 0] Applying table 'MyIngress.tcp_ack_exact'
[13:35:30.144] [bmv2] [D] [thread 3669] [15.0] [cxt 0] Looking up key:
* hdr.ipv4.dstAddr    : 0a000101

[13:35:30.144] [bmv2] [D] [thread 3669] [15.0] [cxt 0] Table 'MyIngress.tcp_ack_exact': hit with handle 0
[13:35:30.145] [bmv2] [D] [thread 3669] [15.0] [cxt 0] Dumping entry 0
Match key:
* hdr.ipv4.dstAddr    : LPM       0a000101/32
Action entry: MyIngress.tcp_ack_forward - 80000000111,1,

[13:35:30.145] [bmv2] [D] [thread 3669] [15.0] [cxt 0] Action entry is MyIngress.tcp_ack_forward - 80000000111,1,
[13:35:30.145] [bmv2] [T] [thread 3669] [15.0] [cxt 0] Action MyIngress.tcp_ack_forward
[13:35:30.145] [bmv2] [T] [thread 3669] [15.0] [cxt 0] routing.p4(148) Primitive standard_metadata.egress_spec = port; ...
[13:35:30.145] [bmv2] [T] [thread 3669] [15.0] [cxt 0] routing.p4(149) Primitive hdr.ethernet.srcAddr = hdr.ethernet.dstAddr
[13:35:30.145] [bmv2] [T] [thread 3669] [15.0] [cxt 0] routing.p4(150) Primitive hdr.ethernet.dstAddr = dstAddr; ...
[13:35:30.145] [bmv2] [T] [thread 3669] [15.0] [cxt 0] routing.p4(151) Primitive hdr.ipv4.ttl = hdr.ipv4.ttl - 1
[13:35:30.145] [bmv2] [D] [thread 3669] [15.0] [cxt 0] Pipeline 'ingress': end
[13:35:30.145] [bmv2] [D] [thread 3669] [15.0] [cxt 0] Egress port is 1
[13:35:30.145] [bmv2] [D] [thread 3671] [15.0] [cxt 0] Pipeline 'egress': start
[13:35:30.145] [bmv2] [D] [thread 3671] [15.0] [cxt 0] Pipeline 'egress': end
[13:35:30.145] [bmv2] [D] [thread 3671] [15.0] [cxt 0] Deparser 'deparser': start
[13:35:30.145] [bmv2] [D] [thread 3671] [15.0] [cxt 0] Updating checksum 'cksum'
[13:35:30.145] [bmv2] [D] [thread 3671] [15.0] [cxt 0] Deparsing header 'ethernet'
[13:35:30.145] [bmv2] [D] [thread 3671] [15.0] [cxt 0] Deparsing header 'ipv4'
[13:35:30.145] [bmv2] [D] [thread 3671] [15.0] [cxt 0] Deparsing header 'tcp'
[13:35:30.145] [bmv2] [D] [thread 3671] [15.0] [cxt 0] Deparser 'deparser': end
[13:35:30.145] [bmv2] [D] [thread 3674] [15.0] [cxt 0] Transmitting packet of size 74 out of port 1
[13:35:30.148] [bmv2] [D] [thread 3669] [16.0] [cxt 0] Processing packet received on port 1
[13:35:30.148] [bmv2] [D] [thread 3669] [16.0] [cxt 0] Parser 'parser': start
[13:35:30.148] [bmv2] [D] [thread 3669] [16.0] [cxt 0] Parser 'parser' entering state 'start'
[13:35:30.149] [bmv2] [D] [thread 3669] [16.0] [cxt 0] Extracting header 'ethernet'
[13:35:30.149] [bmv2] [D] [thread 3669] [16.0] [cxt 0] Parser state 'start': key is 0800
[13:35:30.149] [bmv2] [T] [thread 3669] [16.0] [cxt 0] Bytes parsed: 14
[13:35:30.149] [bmv2] [D] [thread 3669] [16.0] [cxt 0] Parser 'parser' entering state 'parse_ipv4'
[13:35:30.149] [bmv2] [D] [thread 3669] [16.0] [cxt 0] Extracting header 'ipv4'
[13:35:30.149] [bmv2] [D] [thread 3669] [16.0] [cxt 0] Parser state 'parse_ipv4': key is 06
[13:35:30.149] [bmv2] [T] [thread 3669] [16.0] [cxt 0] Bytes parsed: 34
[13:35:30.149] [bmv2] [D] [thread 3669] [16.0] [cxt 0] Parser 'parser' entering state 'parse_tcp'
[13:35:30.149] [bmv2] [D] [thread 3669] [16.0] [cxt 0] Extracting header 'tcp'
[13:35:30.149] [bmv2] [D] [thread 3669] [16.0] [cxt 0] Parser state 'parse_tcp' has no switch, going to default next state
[13:35:30.149] [bmv2] [T] [thread 3669] [16.0] [cxt 0] Bytes parsed: 54
[13:35:30.149] [bmv2] [D] [thread 3669] [16.0] [cxt 0] Parser 'parser': end
[13:35:30.149] [bmv2] [D] [thread 3669] [16.0] [cxt 0] Pipeline 'ingress': start
[13:35:30.149] [bmv2] [T] [thread 3669] [16.0] [cxt 0] routing.p4(212) Condition "hdr.tcp.isValid() && hdr.tcp.ack == 1 && hdr.tcp.syn == 0 && hdr.tcp.fin == 0" (node_2) is true
[13:35:30.149] [bmv2] [T] [thread 3669] [16.0] [cxt 0] Applying table 'MyIngress.tcp_duplicate'
[13:35:30.149] [bmv2] [D] [thread 3669] [16.0] [cxt 0] Looking up key:
* hdr.ipv4.dstAddr    : 0a000202

[13:35:30.149] [bmv2] [D] [thread 3669] [16.0] [cxt 0] Table 'MyIngress.tcp_duplicate': miss
[13:35:30.149] [bmv2] [D] [thread 3669] [16.0] [cxt 0] Action entry is MyIngress.drop - 
[13:35:30.149] [bmv2] [T] [thread 3669] [16.0] [cxt 0] Action MyIngress.drop
[13:35:30.149] [bmv2] [T] [thread 3669] [16.0] [cxt 0] routing.p4(143) Primitive mark_to_drop(standard_metadata)
[13:35:30.149] [bmv2] [D] [thread 3669] [16.0] [cxt 0] Pipeline 'ingress': end
[13:35:30.149] [bmv2] [D] [thread 3669] [16.0] [cxt 0] Egress port is 511
[13:35:30.149] [bmv2] [D] [thread 3669] [16.0] [cxt 0] Dropping packet at the end of ingress
[13:35:36.800] [bmv2] [D] [thread 3669] [17.0] [cxt 0] Processing packet received on port 1
[13:35:36.800] [bmv2] [D] [thread 3669] [17.0] [cxt 0] Parser 'parser': start
[13:35:36.800] [bmv2] [D] [thread 3669] [17.0] [cxt 0] Parser 'parser' entering state 'start'
[13:35:36.800] [bmv2] [D] [thread 3669] [17.0] [cxt 0] Extracting header 'ethernet'
[13:35:36.800] [bmv2] [D] [thread 3669] [17.0] [cxt 0] Parser state 'start': key is 0800
[13:35:36.800] [bmv2] [T] [thread 3669] [17.0] [cxt 0] Bytes parsed: 14
[13:35:36.800] [bmv2] [D] [thread 3669] [17.0] [cxt 0] Parser 'parser' entering state 'parse_ipv4'
[13:35:36.800] [bmv2] [D] [thread 3669] [17.0] [cxt 0] Extracting header 'ipv4'
[13:35:36.800] [bmv2] [D] [thread 3669] [17.0] [cxt 0] Parser state 'parse_ipv4': key is 06
[13:35:36.800] [bmv2] [T] [thread 3669] [17.0] [cxt 0] Bytes parsed: 34
[13:35:36.800] [bmv2] [D] [thread 3669] [17.0] [cxt 0] Parser 'parser' entering state 'parse_tcp'
[13:35:36.800] [bmv2] [D] [thread 3669] [17.0] [cxt 0] Extracting header 'tcp'
[13:35:36.800] [bmv2] [D] [thread 3669] [17.0] [cxt 0] Parser state 'parse_tcp' has no switch, going to default next state
[13:35:36.801] [bmv2] [T] [thread 3669] [17.0] [cxt 0] Bytes parsed: 54
[13:35:36.801] [bmv2] [D] [thread 3669] [17.0] [cxt 0] Parser 'parser': end
[13:35:36.801] [bmv2] [D] [thread 3669] [17.0] [cxt 0] Pipeline 'ingress': start
[13:35:36.801] [bmv2] [T] [thread 3669] [17.0] [cxt 0] routing.p4(212) Condition "hdr.tcp.isValid() && hdr.tcp.ack == 1 && hdr.tcp.syn == 0 && hdr.tcp.fin == 0" (node_2) is true
[13:35:36.801] [bmv2] [T] [thread 3669] [17.0] [cxt 0] Applying table 'MyIngress.tcp_duplicate'
[13:35:36.801] [bmv2] [D] [thread 3669] [17.0] [cxt 0] Looking up key:
* hdr.ipv4.dstAddr    : 0a000202

[13:35:36.801] [bmv2] [D] [thread 3669] [17.0] [cxt 0] Table 'MyIngress.tcp_duplicate': miss
[13:35:36.801] [bmv2] [D] [thread 3669] [17.0] [cxt 0] Action entry is MyIngress.drop - 
[13:35:36.801] [bmv2] [T] [thread 3669] [17.0] [cxt 0] Action MyIngress.drop
[13:35:36.801] [bmv2] [T] [thread 3669] [17.0] [cxt 0] routing.p4(143) Primitive mark_to_drop(standard_metadata)
[13:35:36.801] [bmv2] [D] [thread 3669] [17.0] [cxt 0] Pipeline 'ingress': end
[13:35:36.801] [bmv2] [D] [thread 3669] [17.0] [cxt 0] Egress port is 511
[13:35:36.801] [bmv2] [D] [thread 3669] [17.0] [cxt 0] Dropping packet at the end of ingress
[13:35:38.335] [bmv2] [D] [thread 3669] [18.0] [cxt 0] Processing packet received on port 2
[13:35:38.335] [bmv2] [D] [thread 3669] [18.0] [cxt 0] Parser 'parser': start
[13:35:38.335] [bmv2] [D] [thread 3669] [18.0] [cxt 0] Parser 'parser' entering state 'start'
[13:35:38.335] [bmv2] [D] [thread 3669] [18.0] [cxt 0] Extracting header 'ethernet'
[13:35:38.336] [bmv2] [D] [thread 3669] [18.0] [cxt 0] Parser state 'start': key is 0800
[13:35:38.336] [bmv2] [T] [thread 3669] [18.0] [cxt 0] Bytes parsed: 14
[13:35:38.336] [bmv2] [D] [thread 3669] [18.0] [cxt 0] Parser 'parser' entering state 'parse_ipv4'
[13:35:38.336] [bmv2] [D] [thread 3669] [18.0] [cxt 0] Extracting header 'ipv4'
[13:35:38.336] [bmv2] [D] [thread 3669] [18.0] [cxt 0] Parser state 'parse_ipv4': key is 06
[13:35:38.336] [bmv2] [T] [thread 3669] [18.0] [cxt 0] Bytes parsed: 34
[13:35:38.336] [bmv2] [D] [thread 3669] [18.0] [cxt 0] Parser 'parser' entering state 'parse_tcp'
[13:35:38.336] [bmv2] [D] [thread 3669] [18.0] [cxt 0] Extracting header 'tcp'
[13:35:38.336] [bmv2] [D] [thread 3669] [18.0] [cxt 0] Parser state 'parse_tcp' has no switch, going to default next state
[13:35:38.336] [bmv2] [T] [thread 3669] [18.0] [cxt 0] Bytes parsed: 54
[13:35:38.336] [bmv2] [D] [thread 3669] [18.0] [cxt 0] Parser 'parser': end
[13:35:38.336] [bmv2] [D] [thread 3669] [18.0] [cxt 0] Pipeline 'ingress': start
[13:35:38.336] [bmv2] [T] [thread 3669] [18.0] [cxt 0] routing.p4(212) Condition "hdr.tcp.isValid() && hdr.tcp.ack == 1 && hdr.tcp.syn == 0 && hdr.tcp.fin == 0" (node_2) is false
[13:35:38.336] [bmv2] [T] [thread 3669] [18.0] [cxt 0] routing.p4(215) Condition "hdr.tcp.isValid() && hdr.tcp.ack == 1" (node_4) is true
[13:35:38.336] [bmv2] [T] [thread 3669] [18.0] [cxt 0] Applying table 'MyIngress.tcp_ack_exact'
[13:35:38.336] [bmv2] [D] [thread 3669] [18.0] [cxt 0] Looking up key:
* hdr.ipv4.dstAddr    : 0a000101

[13:35:38.336] [bmv2] [D] [thread 3669] [18.0] [cxt 0] Table 'MyIngress.tcp_ack_exact': hit with handle 0
[13:35:38.336] [bmv2] [D] [thread 3669] [18.0] [cxt 0] Dumping entry 0
Match key:
* hdr.ipv4.dstAddr    : LPM       0a000101/32
Action entry: MyIngress.tcp_ack_forward - 80000000111,1,

[13:35:38.336] [bmv2] [D] [thread 3669] [18.0] [cxt 0] Action entry is MyIngress.tcp_ack_forward - 80000000111,1,
[13:35:38.336] [bmv2] [T] [thread 3669] [18.0] [cxt 0] Action MyIngress.tcp_ack_forward
[13:35:38.336] [bmv2] [T] [thread 3669] [18.0] [cxt 0] routing.p4(148) Primitive standard_metadata.egress_spec = port; ...
[13:35:38.336] [bmv2] [T] [thread 3669] [18.0] [cxt 0] routing.p4(149) Primitive hdr.ethernet.srcAddr = hdr.ethernet.dstAddr
[13:35:38.336] [bmv2] [T] [thread 3669] [18.0] [cxt 0] routing.p4(150) Primitive hdr.ethernet.dstAddr = dstAddr; ...
[13:35:38.336] [bmv2] [T] [thread 3669] [18.0] [cxt 0] routing.p4(151) Primitive hdr.ipv4.ttl = hdr.ipv4.ttl - 1
[13:35:38.336] [bmv2] [D] [thread 3669] [18.0] [cxt 0] Pipeline 'ingress': end
[13:35:38.336] [bmv2] [D] [thread 3669] [18.0] [cxt 0] Egress port is 1
[13:35:38.337] [bmv2] [D] [thread 3671] [18.0] [cxt 0] Pipeline 'egress': start
[13:35:38.337] [bmv2] [D] [thread 3671] [18.0] [cxt 0] Pipeline 'egress': end
[13:35:38.337] [bmv2] [D] [thread 3671] [18.0] [cxt 0] Deparser 'deparser': start
[13:35:38.337] [bmv2] [D] [thread 3671] [18.0] [cxt 0] Updating checksum 'cksum'
[13:35:38.337] [bmv2] [D] [thread 3671] [18.0] [cxt 0] Deparsing header 'ethernet'
[13:35:38.337] [bmv2] [D] [thread 3671] [18.0] [cxt 0] Deparsing header 'ipv4'
[13:35:38.337] [bmv2] [D] [thread 3671] [18.0] [cxt 0] Deparsing header 'tcp'
[13:35:38.337] [bmv2] [D] [thread 3671] [18.0] [cxt 0] Deparser 'deparser': end
[13:35:38.337] [bmv2] [D] [thread 3674] [18.0] [cxt 0] Transmitting packet of size 74 out of port 1
[13:35:38.341] [bmv2] [D] [thread 3669] [19.0] [cxt 0] Processing packet received on port 1
[13:35:38.341] [bmv2] [D] [thread 3669] [19.0] [cxt 0] Parser 'parser': start
[13:35:38.341] [bmv2] [D] [thread 3669] [19.0] [cxt 0] Parser 'parser' entering state 'start'
[13:35:38.341] [bmv2] [D] [thread 3669] [19.0] [cxt 0] Extracting header 'ethernet'
[13:35:38.341] [bmv2] [D] [thread 3669] [19.0] [cxt 0] Parser state 'start': key is 0800
[13:35:38.341] [bmv2] [T] [thread 3669] [19.0] [cxt 0] Bytes parsed: 14
[13:35:38.341] [bmv2] [D] [thread 3669] [19.0] [cxt 0] Parser 'parser' entering state 'parse_ipv4'
[13:35:38.341] [bmv2] [D] [thread 3669] [19.0] [cxt 0] Extracting header 'ipv4'
[13:35:38.341] [bmv2] [D] [thread 3669] [19.0] [cxt 0] Parser state 'parse_ipv4': key is 06
[13:35:38.341] [bmv2] [T] [thread 3669] [19.0] [cxt 0] Bytes parsed: 34
[13:35:38.341] [bmv2] [D] [thread 3669] [19.0] [cxt 0] Parser 'parser' entering state 'parse_tcp'
[13:35:38.341] [bmv2] [D] [thread 3669] [19.0] [cxt 0] Extracting header 'tcp'
[13:35:38.341] [bmv2] [D] [thread 3669] [19.0] [cxt 0] Parser state 'parse_tcp' has no switch, going to default next state
[13:35:38.341] [bmv2] [T] [thread 3669] [19.0] [cxt 0] Bytes parsed: 54
[13:35:38.341] [bmv2] [D] [thread 3669] [19.0] [cxt 0] Parser 'parser': end
[13:35:38.341] [bmv2] [D] [thread 3669] [19.0] [cxt 0] Pipeline 'ingress': start
[13:35:38.341] [bmv2] [T] [thread 3669] [19.0] [cxt 0] routing.p4(212) Condition "hdr.tcp.isValid() && hdr.tcp.ack == 1 && hdr.tcp.syn == 0 && hdr.tcp.fin == 0" (node_2) is true
[13:35:38.341] [bmv2] [T] [thread 3669] [19.0] [cxt 0] Applying table 'MyIngress.tcp_duplicate'
[13:35:38.341] [bmv2] [D] [thread 3669] [19.0] [cxt 0] Looking up key:
* hdr.ipv4.dstAddr    : 0a000202

[13:35:38.341] [bmv2] [D] [thread 3669] [19.0] [cxt 0] Table 'MyIngress.tcp_duplicate': miss
[13:35:38.341] [bmv2] [D] [thread 3669] [19.0] [cxt 0] Action entry is MyIngress.drop - 
[13:35:38.341] [bmv2] [T] [thread 3669] [19.0] [cxt 0] Action MyIngress.drop
[13:35:38.341] [bmv2] [T] [thread 3669] [19.0] [cxt 0] routing.p4(143) Primitive mark_to_drop(standard_metadata)
[13:35:38.341] [bmv2] [D] [thread 3669] [19.0] [cxt 0] Pipeline 'ingress': end
[13:35:38.341] [bmv2] [D] [thread 3669] [19.0] [cxt 0] Egress port is 511
[13:35:38.341] [bmv2] [D] [thread 3669] [19.0] [cxt 0] Dropping packet at the end of ingress
[13:35:50.624] [bmv2] [D] [thread 3669] [20.0] [cxt 0] Processing packet received on port 1
[13:35:50.624] [bmv2] [D] [thread 3669] [20.0] [cxt 0] Parser 'parser': start
[13:35:50.624] [bmv2] [D] [thread 3669] [20.0] [cxt 0] Parser 'parser' entering state 'start'
[13:35:50.624] [bmv2] [D] [thread 3669] [20.0] [cxt 0] Extracting header 'ethernet'
[13:35:50.624] [bmv2] [D] [thread 3669] [20.0] [cxt 0] Parser state 'start': key is 0800
[13:35:50.624] [bmv2] [T] [thread 3669] [20.0] [cxt 0] Bytes parsed: 14
[13:35:50.624] [bmv2] [D] [thread 3669] [20.0] [cxt 0] Parser 'parser' entering state 'parse_ipv4'
[13:35:50.624] [bmv2] [D] [thread 3669] [20.0] [cxt 0] Extracting header 'ipv4'
[13:35:50.624] [bmv2] [D] [thread 3669] [20.0] [cxt 0] Parser state 'parse_ipv4': key is 06
[13:35:50.624] [bmv2] [T] [thread 3669] [20.0] [cxt 0] Bytes parsed: 34
[13:35:50.624] [bmv2] [D] [thread 3669] [20.0] [cxt 0] Parser 'parser' entering state 'parse_tcp'
[13:35:50.624] [bmv2] [D] [thread 3669] [20.0] [cxt 0] Extracting header 'tcp'
[13:35:50.624] [bmv2] [D] [thread 3669] [20.0] [cxt 0] Parser state 'parse_tcp' has no switch, going to default next state
[13:35:50.624] [bmv2] [T] [thread 3669] [20.0] [cxt 0] Bytes parsed: 54
[13:35:50.624] [bmv2] [D] [thread 3669] [20.0] [cxt 0] Parser 'parser': end
[13:35:50.624] [bmv2] [D] [thread 3669] [20.0] [cxt 0] Pipeline 'ingress': start
[13:35:50.624] [bmv2] [T] [thread 3669] [20.0] [cxt 0] routing.p4(212) Condition "hdr.tcp.isValid() && hdr.tcp.ack == 1 && hdr.tcp.syn == 0 && hdr.tcp.fin == 0" (node_2) is true
[13:35:50.624] [bmv2] [T] [thread 3669] [20.0] [cxt 0] Applying table 'MyIngress.tcp_duplicate'
[13:35:50.624] [bmv2] [D] [thread 3669] [20.0] [cxt 0] Looking up key:
* hdr.ipv4.dstAddr    : 0a000202

[13:35:50.624] [bmv2] [D] [thread 3669] [20.0] [cxt 0] Table 'MyIngress.tcp_duplicate': miss
[13:35:50.624] [bmv2] [D] [thread 3669] [20.0] [cxt 0] Action entry is MyIngress.drop - 
[13:35:50.624] [bmv2] [T] [thread 3669] [20.0] [cxt 0] Action MyIngress.drop
[13:35:50.624] [bmv2] [T] [thread 3669] [20.0] [cxt 0] routing.p4(143) Primitive mark_to_drop(standard_metadata)
[13:35:50.625] [bmv2] [D] [thread 3669] [20.0] [cxt 0] Pipeline 'ingress': end
[13:35:50.625] [bmv2] [D] [thread 3669] [20.0] [cxt 0] Egress port is 511
[13:35:50.625] [bmv2] [D] [thread 3669] [20.0] [cxt 0] Dropping packet at the end of ingress
[13:35:54.463] [bmv2] [D] [thread 3669] [21.0] [cxt 0] Processing packet received on port 2
[13:35:54.463] [bmv2] [D] [thread 3669] [21.0] [cxt 0] Parser 'parser': start
[13:35:54.463] [bmv2] [D] [thread 3669] [21.0] [cxt 0] Parser 'parser' entering state 'start'
[13:35:54.463] [bmv2] [D] [thread 3669] [21.0] [cxt 0] Extracting header 'ethernet'
[13:35:54.463] [bmv2] [D] [thread 3669] [21.0] [cxt 0] Parser state 'start': key is 0800
[13:35:54.463] [bmv2] [T] [thread 3669] [21.0] [cxt 0] Bytes parsed: 14
[13:35:54.463] [bmv2] [D] [thread 3669] [21.0] [cxt 0] Parser 'parser' entering state 'parse_ipv4'
[13:35:54.463] [bmv2] [D] [thread 3669] [21.0] [cxt 0] Extracting header 'ipv4'
[13:35:54.463] [bmv2] [D] [thread 3669] [21.0] [cxt 0] Parser state 'parse_ipv4': key is 06
[13:35:54.463] [bmv2] [T] [thread 3669] [21.0] [cxt 0] Bytes parsed: 34
[13:35:54.463] [bmv2] [D] [thread 3669] [21.0] [cxt 0] Parser 'parser' entering state 'parse_tcp'
[13:35:54.463] [bmv2] [D] [thread 3669] [21.0] [cxt 0] Extracting header 'tcp'
[13:35:54.463] [bmv2] [D] [thread 3669] [21.0] [cxt 0] Parser state 'parse_tcp' has no switch, going to default next state
[13:35:54.463] [bmv2] [T] [thread 3669] [21.0] [cxt 0] Bytes parsed: 54
[13:35:54.463] [bmv2] [D] [thread 3669] [21.0] [cxt 0] Parser 'parser': end
[13:35:54.464] [bmv2] [D] [thread 3669] [21.0] [cxt 0] Pipeline 'ingress': start
[13:35:54.464] [bmv2] [T] [thread 3669] [21.0] [cxt 0] routing.p4(212) Condition "hdr.tcp.isValid() && hdr.tcp.ack == 1 && hdr.tcp.syn == 0 && hdr.tcp.fin == 0" (node_2) is false
[13:35:54.464] [bmv2] [T] [thread 3669] [21.0] [cxt 0] routing.p4(215) Condition "hdr.tcp.isValid() && hdr.tcp.ack == 1" (node_4) is true
[13:35:54.464] [bmv2] [T] [thread 3669] [21.0] [cxt 0] Applying table 'MyIngress.tcp_ack_exact'
[13:35:54.464] [bmv2] [D] [thread 3669] [21.0] [cxt 0] Looking up key:
* hdr.ipv4.dstAddr    : 0a000101

[13:35:54.464] [bmv2] [D] [thread 3669] [21.0] [cxt 0] Table 'MyIngress.tcp_ack_exact': hit with handle 0
[13:35:54.464] [bmv2] [D] [thread 3669] [21.0] [cxt 0] Dumping entry 0
Match key:
* hdr.ipv4.dstAddr    : LPM       0a000101/32
Action entry: MyIngress.tcp_ack_forward - 80000000111,1,

[13:35:54.464] [bmv2] [D] [thread 3669] [21.0] [cxt 0] Action entry is MyIngress.tcp_ack_forward - 80000000111,1,
[13:35:54.464] [bmv2] [T] [thread 3669] [21.0] [cxt 0] Action MyIngress.tcp_ack_forward
[13:35:54.464] [bmv2] [T] [thread 3669] [21.0] [cxt 0] routing.p4(148) Primitive standard_metadata.egress_spec = port; ...
[13:35:54.464] [bmv2] [T] [thread 3669] [21.0] [cxt 0] routing.p4(149) Primitive hdr.ethernet.srcAddr = hdr.ethernet.dstAddr
[13:35:54.464] [bmv2] [T] [thread 3669] [21.0] [cxt 0] routing.p4(150) Primitive hdr.ethernet.dstAddr = dstAddr; ...
[13:35:54.464] [bmv2] [T] [thread 3669] [21.0] [cxt 0] routing.p4(151) Primitive hdr.ipv4.ttl = hdr.ipv4.ttl - 1
[13:35:54.464] [bmv2] [D] [thread 3669] [21.0] [cxt 0] Pipeline 'ingress': end
[13:35:54.464] [bmv2] [D] [thread 3669] [21.0] [cxt 0] Egress port is 1
[13:35:54.464] [bmv2] [D] [thread 3671] [21.0] [cxt 0] Pipeline 'egress': start
[13:35:54.464] [bmv2] [D] [thread 3671] [21.0] [cxt 0] Pipeline 'egress': end
[13:35:54.464] [bmv2] [D] [thread 3671] [21.0] [cxt 0] Deparser 'deparser': start
[13:35:54.464] [bmv2] [D] [thread 3671] [21.0] [cxt 0] Updating checksum 'cksum'
[13:35:54.464] [bmv2] [D] [thread 3671] [21.0] [cxt 0] Deparsing header 'ethernet'
[13:35:54.464] [bmv2] [D] [thread 3671] [21.0] [cxt 0] Deparsing header 'ipv4'
[13:35:54.465] [bmv2] [D] [thread 3671] [21.0] [cxt 0] Deparsing header 'tcp'
[13:35:54.465] [bmv2] [D] [thread 3671] [21.0] [cxt 0] Deparser 'deparser': end
[13:35:54.465] [bmv2] [D] [thread 3674] [21.0] [cxt 0] Transmitting packet of size 74 out of port 1
[13:35:54.468] [bmv2] [D] [thread 3669] [22.0] [cxt 0] Processing packet received on port 1
[13:35:54.468] [bmv2] [D] [thread 3669] [22.0] [cxt 0] Parser 'parser': start
[13:35:54.468] [bmv2] [D] [thread 3669] [22.0] [cxt 0] Parser 'parser' entering state 'start'
[13:35:54.468] [bmv2] [D] [thread 3669] [22.0] [cxt 0] Extracting header 'ethernet'
[13:35:54.468] [bmv2] [D] [thread 3669] [22.0] [cxt 0] Parser state 'start': key is 0800
[13:35:54.468] [bmv2] [T] [thread 3669] [22.0] [cxt 0] Bytes parsed: 14
[13:35:54.468] [bmv2] [D] [thread 3669] [22.0] [cxt 0] Parser 'parser' entering state 'parse_ipv4'
[13:35:54.468] [bmv2] [D] [thread 3669] [22.0] [cxt 0] Extracting header 'ipv4'
[13:35:54.468] [bmv2] [D] [thread 3669] [22.0] [cxt 0] Parser state 'parse_ipv4': key is 06
[13:35:54.468] [bmv2] [T] [thread 3669] [22.0] [cxt 0] Bytes parsed: 34
[13:35:54.468] [bmv2] [D] [thread 3669] [22.0] [cxt 0] Parser 'parser' entering state 'parse_tcp'
[13:35:54.468] [bmv2] [D] [thread 3669] [22.0] [cxt 0] Extracting header 'tcp'
[13:35:54.468] [bmv2] [D] [thread 3669] [22.0] [cxt 0] Parser state 'parse_tcp' has no switch, going to default next state
[13:35:54.468] [bmv2] [T] [thread 3669] [22.0] [cxt 0] Bytes parsed: 54
[13:35:54.468] [bmv2] [D] [thread 3669] [22.0] [cxt 0] Parser 'parser': end
[13:35:54.468] [bmv2] [D] [thread 3669] [22.0] [cxt 0] Pipeline 'ingress': start
[13:35:54.468] [bmv2] [T] [thread 3669] [22.0] [cxt 0] routing.p4(212) Condition "hdr.tcp.isValid() && hdr.tcp.ack == 1 && hdr.tcp.syn == 0 && hdr.tcp.fin == 0" (node_2) is true
[13:35:54.468] [bmv2] [T] [thread 3669] [22.0] [cxt 0] Applying table 'MyIngress.tcp_duplicate'
[13:35:54.469] [bmv2] [D] [thread 3669] [22.0] [cxt 0] Looking up key:
* hdr.ipv4.dstAddr    : 0a000202

[13:35:54.469] [bmv2] [D] [thread 3669] [22.0] [cxt 0] Table 'MyIngress.tcp_duplicate': miss
[13:35:54.469] [bmv2] [D] [thread 3669] [22.0] [cxt 0] Action entry is MyIngress.drop - 
[13:35:54.469] [bmv2] [T] [thread 3669] [22.0] [cxt 0] Action MyIngress.drop
[13:35:54.469] [bmv2] [T] [thread 3669] [22.0] [cxt 0] routing.p4(143) Primitive mark_to_drop(standard_metadata)
[13:35:54.469] [bmv2] [D] [thread 3669] [22.0] [cxt 0] Pipeline 'ingress': end
[13:35:54.469] [bmv2] [D] [thread 3669] [22.0] [cxt 0] Egress port is 511
[13:35:54.469] [bmv2] [D] [thread 3669] [22.0] [cxt 0] Dropping packet at the end of ingress
[13:36:19.812] [bmv2] [D] [thread 3669] [23.0] [cxt 0] Processing packet received on port 1
[13:36:19.812] [bmv2] [D] [thread 3669] [23.0] [cxt 0] Parser 'parser': start
[13:36:19.812] [bmv2] [D] [thread 3669] [23.0] [cxt 0] Parser 'parser' entering state 'start'
[13:36:19.812] [bmv2] [D] [thread 3669] [23.0] [cxt 0] Extracting header 'ethernet'
[13:36:19.812] [bmv2] [D] [thread 3669] [23.0] [cxt 0] Parser state 'start': key is 0800
[13:36:19.812] [bmv2] [T] [thread 3669] [23.0] [cxt 0] Bytes parsed: 14
[13:36:19.812] [bmv2] [D] [thread 3669] [23.0] [cxt 0] Parser 'parser' entering state 'parse_ipv4'
[13:36:19.812] [bmv2] [D] [thread 3669] [23.0] [cxt 0] Extracting header 'ipv4'
[13:36:19.812] [bmv2] [D] [thread 3669] [23.0] [cxt 0] Parser state 'parse_ipv4': key is 06
[13:36:19.812] [bmv2] [T] [thread 3669] [23.0] [cxt 0] Bytes parsed: 34
[13:36:19.812] [bmv2] [D] [thread 3669] [23.0] [cxt 0] Parser 'parser' entering state 'parse_tcp'
[13:36:19.812] [bmv2] [D] [thread 3669] [23.0] [cxt 0] Extracting header 'tcp'
[13:36:19.812] [bmv2] [D] [thread 3669] [23.0] [cxt 0] Parser state 'parse_tcp' has no switch, going to default next state
[13:36:19.812] [bmv2] [T] [thread 3669] [23.0] [cxt 0] Bytes parsed: 54
[13:36:19.812] [bmv2] [D] [thread 3669] [23.0] [cxt 0] Parser 'parser': end
[13:36:19.812] [bmv2] [D] [thread 3669] [23.0] [cxt 0] Pipeline 'ingress': start
[13:36:19.812] [bmv2] [T] [thread 3669] [23.0] [cxt 0] routing.p4(212) Condition "hdr.tcp.isValid() && hdr.tcp.ack == 1 && hdr.tcp.syn == 0 && hdr.tcp.fin == 0" (node_2) is true
[13:36:19.812] [bmv2] [T] [thread 3669] [23.0] [cxt 0] Applying table 'MyIngress.tcp_duplicate'
[13:36:19.812] [bmv2] [D] [thread 3669] [23.0] [cxt 0] Looking up key:
* hdr.ipv4.dstAddr    : 0a000202

[13:36:19.812] [bmv2] [D] [thread 3669] [23.0] [cxt 0] Table 'MyIngress.tcp_duplicate': miss
[13:36:19.812] [bmv2] [D] [thread 3669] [23.0] [cxt 0] Action entry is MyIngress.drop - 
[13:36:19.812] [bmv2] [T] [thread 3669] [23.0] [cxt 0] Action MyIngress.drop
[13:36:19.812] [bmv2] [T] [thread 3669] [23.0] [cxt 0] routing.p4(143) Primitive mark_to_drop(standard_metadata)
[13:36:19.812] [bmv2] [D] [thread 3669] [23.0] [cxt 0] Pipeline 'ingress': end
[13:36:19.812] [bmv2] [D] [thread 3669] [23.0] [cxt 0] Egress port is 511
[13:36:19.812] [bmv2] [D] [thread 3669] [23.0] [cxt 0] Dropping packet at the end of ingress
[13:37:02.843] [bmv2] [D] [thread 3669] [24.0] [cxt 0] Processing packet received on port 1
[13:37:02.843] [bmv2] [D] [thread 3669] [24.0] [cxt 0] Parser 'parser': start
[13:37:02.843] [bmv2] [D] [thread 3669] [24.0] [cxt 0] Parser 'parser' entering state 'start'
[13:37:02.843] [bmv2] [D] [thread 3669] [24.0] [cxt 0] Extracting header 'ethernet'
[13:37:02.843] [bmv2] [D] [thread 3669] [24.0] [cxt 0] Parser state 'start': key is 0800
[13:37:02.843] [bmv2] [T] [thread 3669] [24.0] [cxt 0] Bytes parsed: 14
[13:37:02.843] [bmv2] [D] [thread 3669] [24.0] [cxt 0] Parser 'parser' entering state 'parse_ipv4'
[13:37:02.843] [bmv2] [D] [thread 3669] [24.0] [cxt 0] Extracting header 'ipv4'
[13:37:02.843] [bmv2] [D] [thread 3669] [24.0] [cxt 0] Parser state 'parse_ipv4': key is 06
[13:37:02.843] [bmv2] [T] [thread 3669] [24.0] [cxt 0] Bytes parsed: 34
[13:37:02.843] [bmv2] [D] [thread 3669] [24.0] [cxt 0] Parser 'parser' entering state 'parse_tcp'
[13:37:02.843] [bmv2] [D] [thread 3669] [24.0] [cxt 0] Extracting header 'tcp'
[13:37:02.843] [bmv2] [D] [thread 3669] [24.0] [cxt 0] Parser state 'parse_tcp' has no switch, going to default next state
[13:37:02.843] [bmv2] [T] [thread 3669] [24.0] [cxt 0] Bytes parsed: 54
[13:37:02.843] [bmv2] [D] [thread 3669] [24.0] [cxt 0] Parser 'parser': end
[13:37:02.843] [bmv2] [D] [thread 3669] [24.0] [cxt 0] Pipeline 'ingress': start
[13:37:02.843] [bmv2] [T] [thread 3669] [24.0] [cxt 0] routing.p4(212) Condition "hdr.tcp.isValid() && hdr.tcp.ack == 1 && hdr.tcp.syn == 0 && hdr.tcp.fin == 0" (node_2) is false
[13:37:02.843] [bmv2] [T] [thread 3669] [24.0] [cxt 0] routing.p4(215) Condition "hdr.tcp.isValid() && hdr.tcp.ack == 1" (node_4) is true
[13:37:02.843] [bmv2] [T] [thread 3669] [24.0] [cxt 0] Applying table 'MyIngress.tcp_ack_exact'
[13:37:02.843] [bmv2] [D] [thread 3669] [24.0] [cxt 0] Looking up key:
* hdr.ipv4.dstAddr    : 0a000202

[13:37:02.843] [bmv2] [D] [thread 3669] [24.0] [cxt 0] Table 'MyIngress.tcp_ack_exact': hit with handle 1
[13:37:02.843] [bmv2] [D] [thread 3669] [24.0] [cxt 0] Dumping entry 1
Match key:
* hdr.ipv4.dstAddr    : LPM       0a000202/32
Action entry: MyIngress.tcp_ack_forward - 80000000222,2,

[13:37:02.843] [bmv2] [D] [thread 3669] [24.0] [cxt 0] Action entry is MyIngress.tcp_ack_forward - 80000000222,2,
[13:37:02.843] [bmv2] [T] [thread 3669] [24.0] [cxt 0] Action MyIngress.tcp_ack_forward
[13:37:02.843] [bmv2] [T] [thread 3669] [24.0] [cxt 0] routing.p4(148) Primitive standard_metadata.egress_spec = port; ...
[13:37:02.843] [bmv2] [T] [thread 3669] [24.0] [cxt 0] routing.p4(149) Primitive hdr.ethernet.srcAddr = hdr.ethernet.dstAddr
[13:37:02.843] [bmv2] [T] [thread 3669] [24.0] [cxt 0] routing.p4(150) Primitive hdr.ethernet.dstAddr = dstAddr; ...
[13:37:02.843] [bmv2] [T] [thread 3669] [24.0] [cxt 0] routing.p4(151) Primitive hdr.ipv4.ttl = hdr.ipv4.ttl - 1
[13:37:02.843] [bmv2] [D] [thread 3669] [24.0] [cxt 0] Pipeline 'ingress': end
[13:37:02.843] [bmv2] [D] [thread 3669] [24.0] [cxt 0] Egress port is 2
[13:37:02.843] [bmv2] [D] [thread 3672] [24.0] [cxt 0] Pipeline 'egress': start
[13:37:02.844] [bmv2] [D] [thread 3672] [24.0] [cxt 0] Pipeline 'egress': end
[13:37:02.844] [bmv2] [D] [thread 3672] [24.0] [cxt 0] Deparser 'deparser': start
[13:37:02.844] [bmv2] [D] [thread 3672] [24.0] [cxt 0] Updating checksum 'cksum'
[13:37:02.844] [bmv2] [D] [thread 3672] [24.0] [cxt 0] Deparsing header 'ethernet'
[13:37:02.844] [bmv2] [D] [thread 3672] [24.0] [cxt 0] Deparsing header 'ipv4'
[13:37:02.844] [bmv2] [D] [thread 3672] [24.0] [cxt 0] Deparsing header 'tcp'
[13:37:02.844] [bmv2] [D] [thread 3672] [24.0] [cxt 0] Deparser 'deparser': end
[13:37:02.844] [bmv2] [D] [thread 3674] [24.0] [cxt 0] Transmitting packet of size 66 out of port 2
open: No such file or directory
open: No such file or directory
open: No such file or directory
open: No such file or directory
open: No such file or directory
