Determining if the pthread_create exist failed with the following output:
Change Dir: /home/marten/Documents/anp/build//CMakeFiles/CMakeTmp

Run Build Command:"/usr/bin/make" "cmTC_3482c/fast"
make[1]: Entering directory '/home/marten/Documents/anp/build/CMakeFiles/CMakeTmp'
/usr/bin/make -f CMakeFiles/cmTC_3482c.dir/build.make CMakeFiles/cmTC_3482c.dir/build
make[2]: Entering directory '/home/marten/Documents/anp/build/CMakeFiles/CMakeTmp'
Building C object CMakeFiles/cmTC_3482c.dir/CheckSymbolExists.c.o
/usr/bin/cc    -o CMakeFiles/cmTC_3482c.dir/CheckSymbolExists.c.o   -c /home/marten/Documents/anp/build/CMakeFiles/CMakeTmp/CheckSymbolExists.c
Linking C executable cmTC_3482c
/usr/bin/cmake -E cmake_link_script CMakeFiles/cmTC_3482c.dir/link.txt --verbose=1
/usr/bin/cc      CMakeFiles/cmTC_3482c.dir/CheckSymbolExists.c.o  -o cmTC_3482c 
CMakeFiles/cmTC_3482c.dir/CheckSymbolExists.c.o: In function `main':
CheckSymbolExists.c:(.text+0x1b): undefined reference to `pthread_create'
collect2: error: ld returned 1 exit status
CMakeFiles/cmTC_3482c.dir/build.make:97: recipe for target 'cmTC_3482c' failed
make[2]: *** [cmTC_3482c] Error 1
make[2]: Leaving directory '/home/marten/Documents/anp/build/CMakeFiles/CMakeTmp'
Makefile:126: recipe for target 'cmTC_3482c/fast' failed
make[1]: *** [cmTC_3482c/fast] Error 2
make[1]: Leaving directory '/home/marten/Documents/anp/build/CMakeFiles/CMakeTmp'

File /home/marten/Documents/anp/build//CMakeFiles/CMakeTmp/CheckSymbolExists.c:
/* */
#include <pthread.h>

int main(int argc, char** argv)
{
  (void)argv;
#ifndef pthread_create
  return ((int*)(&pthread_create))[argc];
#else
  (void)argc;
  return 0;
#endif
}

Determining if the function pthread_create exists in the pthreads failed with the following output:
Change Dir: /home/marten/Documents/anp/build//CMakeFiles/CMakeTmp

Run Build Command:"/usr/bin/make" "cmTC_7dd36/fast"
make[1]: Entering directory '/home/marten/Documents/anp/build/CMakeFiles/CMakeTmp'
/usr/bin/make -f CMakeFiles/cmTC_7dd36.dir/build.make CMakeFiles/cmTC_7dd36.dir/build
make[2]: Entering directory '/home/marten/Documents/anp/build/CMakeFiles/CMakeTmp'
Building C object CMakeFiles/cmTC_7dd36.dir/CheckFunctionExists.c.o
/usr/bin/cc   -DCHECK_FUNCTION_EXISTS=pthread_create   -o CMakeFiles/cmTC_7dd36.dir/CheckFunctionExists.c.o   -c /usr/share/cmake-3.10/Modules/CheckFunctionExists.c
Linking C executable cmTC_7dd36
/usr/bin/cmake -E cmake_link_script CMakeFiles/cmTC_7dd36.dir/link.txt --verbose=1
/usr/bin/cc  -DCHECK_FUNCTION_EXISTS=pthread_create    CMakeFiles/cmTC_7dd36.dir/CheckFunctionExists.c.o  -o cmTC_7dd36 -lpthreads 
/usr/bin/ld: cannot find -lpthreads
collect2: error: ld returned 1 exit status
CMakeFiles/cmTC_7dd36.dir/build.make:97: recipe for target 'cmTC_7dd36' failed
make[2]: *** [cmTC_7dd36] Error 1
make[2]: Leaving directory '/home/marten/Documents/anp/build/CMakeFiles/CMakeTmp'
Makefile:126: recipe for target 'cmTC_7dd36/fast' failed
make[1]: *** [cmTC_7dd36/fast] Error 2
make[1]: Leaving directory '/home/marten/Documents/anp/build/CMakeFiles/CMakeTmp'


Performing C SOURCE FILE Test CMAKE_HAVE_LIBC_PTHREAD failed with the following output:
Change Dir: /home/lemonpartysoul/GitHub/advanced-network-programming/build//CMakeFiles/CMakeTmp

Run Build Command(s):/usr/bin/make -f Makefile cmTC_be0c1/fast && /usr/bin/make  -f CMakeFiles/cmTC_be0c1.dir/build.make CMakeFiles/cmTC_be0c1.dir/build
make[1]: Entering directory '/home/lemonpartysoul/GitHub/advanced-network-programming/build/CMakeFiles/CMakeTmp'
Building C object CMakeFiles/cmTC_be0c1.dir/src.c.o
/usr/bin/cc -DCMAKE_HAVE_LIBC_PTHREAD   -o CMakeFiles/cmTC_be0c1.dir/src.c.o -c /home/lemonpartysoul/GitHub/advanced-network-programming/build/CMakeFiles/CMakeTmp/src.c
Linking C executable cmTC_be0c1
/snap/clion/164/bin/cmake/linux/bin/cmake -E cmake_link_script CMakeFiles/cmTC_be0c1.dir/link.txt --verbose=1
/usr/bin/cc CMakeFiles/cmTC_be0c1.dir/src.c.o -o cmTC_be0c1 
CMakeFiles/cmTC_be0c1.dir/src.c.o: In function `main':
src.c:(.text+0x3e): undefined reference to `pthread_create'
src.c:(.text+0x4a): undefined reference to `pthread_detach'
src.c:(.text+0x56): undefined reference to `pthread_cancel'
src.c:(.text+0x67): undefined reference to `pthread_join'
src.c:(.text+0x7b): undefined reference to `pthread_atfork'
collect2: error: ld returned 1 exit status
CMakeFiles/cmTC_be0c1.dir/build.make:98: recipe for target 'cmTC_be0c1' failed
make[1]: *** [cmTC_be0c1] Error 1
make[1]: Leaving directory '/home/lemonpartysoul/GitHub/advanced-network-programming/build/CMakeFiles/CMakeTmp'
Makefile:127: recipe for target 'cmTC_be0c1/fast' failed
make: *** [cmTC_be0c1/fast] Error 2


Source file was:
#include <pthread.h>

static void* test_func(void* data)
{
  return data;
}

int main(void)
{
  pthread_t thread;
  pthread_create(&thread, NULL, test_func, NULL);
  pthread_detach(thread);
  pthread_cancel(thread);
  pthread_join(thread, NULL);
  pthread_atfork(NULL, NULL, NULL);
  pthread_exit(NULL);

  return 0;
}

Determining if the function pthread_create exists in the pthreads failed with the following output:
Change Dir: /home/lemonpartysoul/GitHub/advanced-network-programming/build//CMakeFiles/CMakeTmp

Run Build Command(s):/usr/bin/make -f Makefile cmTC_b3889/fast && /usr/bin/make  -f CMakeFiles/cmTC_b3889.dir/build.make CMakeFiles/cmTC_b3889.dir/build
make[1]: Entering directory '/home/lemonpartysoul/GitHub/advanced-network-programming/build/CMakeFiles/CMakeTmp'
Building C object CMakeFiles/cmTC_b3889.dir/CheckFunctionExists.c.o
/usr/bin/cc   -DCHECK_FUNCTION_EXISTS=pthread_create -o CMakeFiles/cmTC_b3889.dir/CheckFunctionExists.c.o -c /snap/clion/164/bin/cmake/linux/share/cmake-3.20/Modules/CheckFunctionExists.c
Linking C executable cmTC_b3889
/snap/clion/164/bin/cmake/linux/bin/cmake -E cmake_link_script CMakeFiles/cmTC_b3889.dir/link.txt --verbose=1
/usr/bin/cc  -DCHECK_FUNCTION_EXISTS=pthread_create CMakeFiles/cmTC_b3889.dir/CheckFunctionExists.c.o -o cmTC_b3889  -lpthreads 
/usr/bin/ld: cannot find -lpthreads
collect2: error: ld returned 1 exit status
CMakeFiles/cmTC_b3889.dir/build.make:98: recipe for target 'cmTC_b3889' failed
make[1]: *** [cmTC_b3889] Error 1
make[1]: Leaving directory '/home/lemonpartysoul/GitHub/advanced-network-programming/build/CMakeFiles/CMakeTmp'
Makefile:127: recipe for target 'cmTC_b3889/fast' failed
make: *** [cmTC_b3889/fast] Error 2



